-------------------------------------------------------------------------------
Test set: AVLTree_ESTest
-------------------------------------------------------------------------------
Tests run: 28, Failures: 0, Errors: 1, Skipped: 0, Time elapsed: 3.667 sec <<< FAILURE!
test03(AVLTree_ESTest)  Time elapsed: 0.039 sec  <<< ERROR!
java.lang.StackOverflowError
	at org.evosuite.runtime.LoopCounter.checkLoop(LoopCounter.java:101)
	at AVLTree.insert(AVLTree.java:47)
	at AVLTree.insert(AVLTree.java:48)
	at AVLTree.insert(AVLTree.java:48)
	at AVLTree.insert(AVLTree.java:48)
	at AVLTree.insert(AVLTree.java:48)
	at AVLTree.insert(AVLTree.java:48)
	at AVLTree.insert(AVLTree.java:48)
	at AVLTree.insert(AVLTree.java:48)
	at AVLTree.insert(AVLTree.java:48)
	at AVLTree.insert(AVLTree.java:48)
	at AVLTree.insert(AVLTree.java:48)
	at AVLTree.insert(AVLTree.java:48)
	at AVLTree.insert(AVLTree.java:48)
	at AVLTree.insert(AVLTree.java:48)
	at AVLTree.insert(AVLTree.java:48)
	at AVLTree.insert(AVLTree.java:48)
	at AVLTree.insert(AVLTree.java:48)
	at AVLTree.insert(AVLTree.java:48)
	at AVLTree.insert(AVLTree.java:48)
	at AVLTree.insert(AVLTree.java:48)
	at AVLTree.insert(AVLTree.java:48)
	at AVLTree.insert(AVLTree.java:48)
	at AVLTree.insert(AVLTree.java:48)
	at AVLTree.insert(AVLTree.java:48)
	at AVLTree.insert(AVLTree.java:48)
	at AVLTree.insert(AVLTree.java:48)
	at AVLTree.insert(AVLTree.java:48)
	at AVLTree.insert(AVLTree.java:48)
	at AVLTree.insert(AVLTree.java:48)
	at AVLTree.insert(AVLTree.java:48)
	at AVLTree.insert(AVLTree.java:48)
	at AVLTree.insert(AVLTree.java:48)
	at AVLTree.insert(AVLTree.java:48)
	at AVLTree.insert(AVLTree.java:48)
	at AVLTree.insert(AVLTree.java:48)
	at AVLTree.insert(AVLTree.java:48)
	at AVLTree.insert(AVLTree.java:48)
	at AVLTree.insert(AVLTree.java:48)
	at AVLTree.insert(AVLTree.java:48)
	at AVLTree.insert(AVLTree.java:48)
	at AVLTree.insert(AVLTree.java:48)
	at AVLTree.insert(AVLTree.java:48)
	at AVLTree.insert(AVLTree.java:48)
	at AVLTree.insert(AVLTree.java:48)
	at AVLTree.insert(AVLTree.java:48)
	at AVLTree.insert(AVLTree.java:48)
	at AVLTree.insert(AVLTree.java:48)
	at AVLTree.insert(AVLTree.java:48)
	at AVLTree.insert(AVLTree.java:48)
	at AVLTree.insert(AVLTree.java:48)
	at AVLTree.insert(AVLTree.java:48)
	at AVLTree.insert(AVLTree.java:48)
	at AVLTree.insert(AVLTree.java:48)
	at AVLTree.insert(AVLTree.java:48)
	at AVLTree.insert(AVLTree.java:48)
	at AVLTree.insert(AVLTree.java:48)
	at AVLTree.insert(AVLTree.java:48)
	at AVLTree.insert(AVLTree.java:48)
	at AVLTree.insert(AVLTree.java:48)
	at AVLTree.insert(AVLTree.java:48)
	at AVLTree.insert(AVLTree.java:48)
	at AVLTree.insert(AVLTree.java:48)
	at AVLTree.insert(AVLTree.java:48)
	at AVLTree.insert(AVLTree.java:48)
	at AVLTree.insert(AVLTree.java:48)
	at AVLTree.insert(AVLTree.java:48)
	at AVLTree.insert(AVLTree.java:48)
	at AVLTree.insert(AVLTree.java:48)
	at AVLTree.insert(AVLTree.java:48)
	at AVLTree.insert(AVLTree.java:48)
	at AVLTree.insert(AVLTree.java:48)
	at AVLTree.insert(AVLTree.java:48)
	at AVLTree.insert(AVLTree.java:48)
	at AVLTree.insert(AVLTree.java:48)
	at AVLTree.insert(AVLTree.java:48)
	at AVLTree.insert(AVLTree.java:48)
	at AVLTree.insert(AVLTree.java:48)
	at AVLTree.insert(AVLTree.java:48)
	at AVLTree.insert(AVLTree.java:48)
	at AVLTree.insert(AVLTree.java:48)
	at AVLTree.insert(AVLTree.java:48)
	at AVLTree.insert(AVLTree.java:48)
	at AVLTree.insert(AVLTree.java:48)
	at AVLTree.insert(AVLTree.java:48)
	at AVLTree.insert(AVLTree.java:48)
	at AVLTree.insert(AVLTree.java:48)
	at AVLTree.insert(AVLTree.java:48)
	at AVLTree.insert(AVLTree.java:48)
	at AVLTree.insert(AVLTree.java:48)
	at AVLTree.insert(AVLTree.java:48)
	at AVLTree.insert(AVLTree.java:48)
	at AVLTree.insert(AVLTree.java:48)
	at AVLTree.insert(AVLTree.java:48)
	at AVLTree.insert(AVLTree.java:48)
	at AVLTree.insert(AVLTree.java:48)
	at AVLTree.insert(AVLTree.java:48)
	at AVLTree.insert(AVLTree.java:48)
	at AVLTree.insert(AVLTree.java:48)
	at AVLTree.insert(AVLTree.java:48)
	at AVLTree.insert(AVLTree.java:48)
	at AVLTree.insert(AVLTree.java:48)
	at AVLTree.insert(AVLTree.java:48)
	at AVLTree.insert(AVLTree.java:48)
	at AVLTree.insert(AVLTree.java:48)
	at AVLTree.insert(AVLTree.java:48)
	at AVLTree.insert(AVLTree.java:48)
	at AVLTree.insert(AVLTree.java:48)
	at AVLTree.insert(AVLTree.java:48)
	at AVLTree.insert(AVLTree.java:48)
	at AVLTree.insert(AVLTree.java:48)
	at AVLTree.insert(AVLTree.java:48)
	at AVLTree.insert(AVLTree.java:48)
	at AVLTree.insert(AVLTree.java:48)
	at AVLTree.insert(AVLTree.java:48)
	at AVLTree.insert(AVLTree.java:48)
	at AVLTree.insert(AVLTree.java:48)
	at AVLTree.insert(AVLTree.java:48)
	at AVLTree.insert(AVLTree.java:48)
	at AVLTree.insert(AVLTree.java:48)
	at AVLTree.insert(AVLTree.java:48)
	at AVLTree.insert(AVLTree.java:48)
	at AVLTree.insert(AVLTree.java:48)
	at AVLTree.insert(AVLTree.java:48)
	at AVLTree.insert(AVLTree.java:48)
	at AVLTree.insert(AVLTree.java:48)
	at AVLTree.insert(AVLTree.java:48)
	at AVLTree.insert(AVLTree.java:48)
	at AVLTree.insert(AVLTree.java:48)
	at AVLTree.insert(AVLTree.java:48)
	at AVLTree.insert(AVLTree.java:48)
	at AVLTree.insert(AVLTree.java:48)
	at AVLTree.insert(AVLTree.java:48)
	at AVLTree.insert(AVLTree.java:48)
	at AVLTree.insert(AVLTree.java:48)
	at AVLTree.insert(AVLTree.java:48)
	at AVLTree.insert(AVLTree.java:48)
	at AVLTree.insert(AVLTree.java:48)
	at AVLTree.insert(AVLTree.java:48)
	at AVLTree.insert(AVLTree.java:48)
	at AVLTree.insert(AVLTree.java:48)
	at AVLTree.insert(AVLTree.java:48)
	at AVLTree.insert(AVLTree.java:48)
	at AVLTree.insert(AVLTree.java:48)
	at AVLTree.insert(AVLTree.java:48)
	at AVLTree.insert(AVLTree.java:48)
	at AVLTree.insert(AVLTree.java:48)
	at AVLTree.insert(AVLTree.java:48)
	at AVLTree.insert(AVLTree.java:48)
	at AVLTree.insert(AVLTree.java:48)
	at AVLTree.insert(AVLTree.java:48)
	at AVLTree.insert(AVLTree.java:48)
	at AVLTree.insert(AVLTree.java:48)
	at AVLTree.insert(AVLTree.java:48)
	at AVLTree.insert(AVLTree.java:48)
	at AVLTree.insert(AVLTree.java:48)
	at AVLTree.insert(AVLTree.java:48)
	at AVLTree.insert(AVLTree.java:48)
	at AVLTree.insert(AVLTree.java:48)
	at AVLTree.insert(AVLTree.java:48)
	at AVLTree.insert(AVLTree.java:48)
	at AVLTree.insert(AVLTree.java:48)
	at AVLTree.insert(AVLTree.java:48)
	at AVLTree.insert(AVLTree.java:48)
	at AVLTree.insert(AVLTree.java:48)
	at AVLTree.insert(AVLTree.java:48)
	at AVLTree.insert(AVLTree.java:48)
	at AVLTree.insert(AVLTree.java:48)
	at AVLTree.insert(AVLTree.java:48)
	at AVLTree.insert(AVLTree.java:48)
	at AVLTree.insert(AVLTree.java:48)
	at AVLTree.insert(AVLTree.java:48)
	at AVLTree.insert(AVLTree.java:48)
	at AVLTree.insert(AVLTree.java:48)
	at AVLTree.insert(AVLTree.java:48)
	at AVLTree.insert(AVLTree.java:48)
	at AVLTree.insert(AVLTree.java:48)
	at AVLTree.insert(AVLTree.java:48)
	at AVLTree.insert(AVLTree.java:48)
	at AVLTree.insert(AVLTree.java:48)
	at AVLTree.insert(AVLTree.java:48)
	at AVLTree.insert(AVLTree.java:48)
	at AVLTree.insert(AVLTree.java:48)
	at AVLTree.insert(AVLTree.java:48)
	at AVLTree.insert(AVLTree.java:48)
	at AVLTree.insert(AVLTree.java:48)
	at AVLTree.insert(AVLTree.java:48)
	at AVLTree.insert(AVLTree.java:48)
	at AVLTree.insert(AVLTree.java:48)
	at AVLTree.insert(AVLTree.java:48)
	at AVLTree.insert(AVLTree.java:48)
	at AVLTree.insert(AVLTree.java:48)
	at AVLTree.insert(AVLTree.java:48)
	at AVLTree.insert(AVLTree.java:48)
	at AVLTree.insert(AVLTree.java:48)
	at AVLTree.insert(AVLTree.java:48)
	at AVLTree.insert(AVLTree.java:48)
	at AVLTree.insert(AVLTree.java:48)
	at AVLTree.insert(AVLTree.java:48)
	at AVLTree.insert(AVLTree.java:48)
	at AVLTree.insert(AVLTree.java:48)
	at AVLTree.insert(AVLTree.java:48)
	at AVLTree.insert(AVLTree.java:48)
	at AVLTree.insert(AVLTree.java:48)
	at AVLTree.insert(AVLTree.java:48)
	at AVLTree.insert(AVLTree.java:48)
	at AVLTree.insert(AVLTree.java:48)
	at AVLTree.insert(AVLTree.java:48)
	at AVLTree.insert(AVLTree.java:48)
	at AVLTree.insert(AVLTree.java:48)
	at AVLTree.insert(AVLTree.java:48)
	at AVLTree.insert(AVLTree.java:48)
	at AVLTree.insert(AVLTree.java:48)
	at AVLTree.insert(AVLTree.java:48)
	at AVLTree.insert(AVLTree.java:48)
	at AVLTree.insert(AVLTree.java:48)
	at AVLTree.insert(AVLTree.java:48)
	at AVLTree.insert(AVLTree.java:48)
	at AVLTree.insert(AVLTree.java:48)
	at AVLTree.insert(AVLTree.java:48)
	at AVLTree.insert(AVLTree.java:48)
	at AVLTree.insert(AVLTree.java:48)
	at AVLTree.insert(AVLTree.java:48)
	at AVLTree.insert(AVLTree.java:48)
	at AVLTree.insert(AVLTree.java:48)
	at AVLTree.insert(AVLTree.java:48)
	at AVLTree.insert(AVLTree.java:48)
	at AVLTree.insert(AVLTree.java:48)
	at AVLTree.insert(AVLTree.java:48)
	at AVLTree.insert(AVLTree.java:48)
	at AVLTree.insert(AVLTree.java:48)
	at AVLTree.insert(AVLTree.java:48)
	at AVLTree.insert(AVLTree.java:48)
	at AVLTree.insert(AVLTree.java:48)
	at AVLTree.insert(AVLTree.java:48)
	at AVLTree.insert(AVLTree.java:48)
	at AVLTree.insert(AVLTree.java:48)
	at AVLTree.insert(AVLTree.java:48)
	at AVLTree.insert(AVLTree.java:48)
	at AVLTree.insert(AVLTree.java:48)
	at AVLTree.insert(AVLTree.java:48)
	at AVLTree.insert(AVLTree.java:48)
	at AVLTree.insert(AVLTree.java:48)
	at AVLTree.insert(AVLTree.java:48)
	at AVLTree.insert(AVLTree.java:48)
	at AVLTree.insert(AVLTree.java:48)
	at AVLTree.insert(AVLTree.java:48)
	at AVLTree.insert(AVLTree.java:48)
	at AVLTree.insert(AVLTree.java:48)
	at AVLTree.insert(AVLTree.java:48)
	at AVLTree.insert(AVLTree.java:48)
	at AVLTree.insert(AVLTree.java:48)
	at AVLTree.insert(AVLTree.java:48)
	at AVLTree.insert(AVLTree.java:48)
	at AVLTree.insert(AVLTree.java:48)
	at AVLTree.insert(AVLTree.java:48)
	at AVLTree.insert(AVLTree.java:48)
	at AVLTree.insert(AVLTree.java:48)
	at AVLTree.insert(AVLTree.java:48)
	at AVLTree.insert(AVLTree.java:48)
	at AVLTree.insert(AVLTree.java:48)
	at AVLTree.insert(AVLTree.java:48)
	at AVLTree.insert(AVLTree.java:48)
	at AVLTree.insert(AVLTree.java:48)
	at AVLTree.insert(AVLTree.java:48)
	at AVLTree.insert(AVLTree.java:48)
	at AVLTree.insert(AVLTree.java:48)
	at AVLTree.insert(AVLTree.java:48)
	at AVLTree.insert(AVLTree.java:48)
	at AVLTree.insert(AVLTree.java:48)
	at AVLTree.insert(AVLTree.java:48)
	at AVLTree.insert(AVLTree.java:48)
	at AVLTree.insert(AVLTree.java:48)
	at AVLTree.insert(AVLTree.java:48)
	at AVLTree.insert(AVLTree.java:48)
	at AVLTree.insert(AVLTree.java:48)
	at AVLTree.insert(AVLTree.java:48)
	at AVLTree.insert(AVLTree.java:48)
	at AVLTree.insert(AVLTree.java:48)
	at AVLTree.insert(AVLTree.java:48)
	at AVLTree.insert(AVLTree.java:48)
	at AVLTree.insert(AVLTree.java:48)
	at AVLTree.insert(AVLTree.java:48)
	at AVLTree.insert(AVLTree.java:48)
	at AVLTree.insert(AVLTree.java:48)
	at AVLTree.insert(AVLTree.java:48)
	at AVLTree.insert(AVLTree.java:48)
	at AVLTree.insert(AVLTree.java:48)
	at AVLTree.insert(AVLTree.java:48)
	at AVLTree.insert(AVLTree.java:48)
	at AVLTree.insert(AVLTree.java:48)
	at AVLTree.insert(AVLTree.java:48)
	at AVLTree.insert(AVLTree.java:48)
	at AVLTree.insert(AVLTree.java:48)
	at AVLTree.insert(AVLTree.java:48)
	at AVLTree.insert(AVLTree.java:48)
	at AVLTree.insert(AVLTree.java:48)
	at AVLTree.insert(AVLTree.java:48)
	at AVLTree.insert(AVLTree.java:48)
	at AVLTree.insert(AVLTree.java:48)
	at AVLTree.insert(AVLTree.java:48)
	at AVLTree.insert(AVLTree.java:48)
	at AVLTree.insert(AVLTree.java:48)
	at AVLTree.insert(AVLTree.java:48)
	at AVLTree.insert(AVLTree.java:48)
	at AVLTree.insert(AVLTree.java:48)
	at AVLTree.insert(AVLTree.java:48)
	at AVLTree.insert(AVLTree.java:48)
	at AVLTree.insert(AVLTree.java:48)
	at AVLTree.insert(AVLTree.java:48)
	at AVLTree.insert(AVLTree.java:48)
	at AVLTree.insert(AVLTree.java:48)
	at AVLTree.insert(AVLTree.java:48)
	at AVLTree.insert(AVLTree.java:48)
	at AVLTree.insert(AVLTree.java:48)
	at AVLTree.insert(AVLTree.java:48)
	at AVLTree.insert(AVLTree.java:48)
	at AVLTree.insert(AVLTree.java:48)
	at AVLTree.insert(AVLTree.java:48)
	at AVLTree.insert(AVLTree.java:48)
	at AVLTree.insert(AVLTree.java:48)
	at AVLTree.insert(AVLTree.java:48)
	at AVLTree.insert(AVLTree.java:48)
	at AVLTree.insert(AVLTree.java:48)
	at AVLTree.insert(AVLTree.java:48)
	at AVLTree.insert(AVLTree.java:48)
	at AVLTree.insert(AVLTree.java:48)
	at AVLTree.insert(AVLTree.java:48)
	at AVLTree.insert(AVLTree.java:48)
	at AVLTree.insert(AVLTree.java:48)
	at AVLTree.insert(AVLTree.java:48)
	at AVLTree.insert(AVLTree.java:48)
	at AVLTree.insert(AVLTree.java:48)
	at AVLTree.insert(AVLTree.java:48)
	at AVLTree.insert(AVLTree.java:48)
	at AVLTree.insert(AVLTree.java:48)
	at AVLTree.insert(AVLTree.java:48)
	at AVLTree.insert(AVLTree.java:48)
	at AVLTree.insert(AVLTree.java:48)
	at AVLTree.insert(AVLTree.java:48)
	at AVLTree.insert(AVLTree.java:48)
	at AVLTree.insert(AVLTree.java:48)
	at AVLTree.insert(AVLTree.java:48)
	at AVLTree.insert(AVLTree.java:48)
	at AVLTree.insert(AVLTree.java:48)
	at AVLTree.insert(AVLTree.java:48)
	at AVLTree.insert(AVLTree.java:48)
	at AVLTree.insert(AVLTree.java:48)
	at AVLTree.insert(AVLTree.java:48)
	at AVLTree.insert(AVLTree.java:48)
	at AVLTree.insert(AVLTree.java:48)
	at AVLTree.insert(AVLTree.java:48)
	at AVLTree.insert(AVLTree.java:48)
	at AVLTree.insert(AVLTree.java:48)
	at AVLTree.insert(AVLTree.java:48)
	at AVLTree.insert(AVLTree.java:48)
	at AVLTree.insert(AVLTree.java:48)
	at AVLTree.insert(AVLTree.java:48)
	at AVLTree.insert(AVLTree.java:48)
	at AVLTree.insert(AVLTree.java:48)
	at AVLTree.insert(AVLTree.java:48)
	at AVLTree.insert(AVLTree.java:48)
	at AVLTree.insert(AVLTree.java:48)
	at AVLTree.insert(AVLTree.java:48)
	at AVLTree.insert(AVLTree.java:48)
	at AVLTree.insert(AVLTree.java:48)
	at AVLTree.insert(AVLTree.java:48)
	at AVLTree.insert(AVLTree.java:48)
	at AVLTree.insert(AVLTree.java:48)
	at AVLTree.insert(AVLTree.java:48)
	at AVLTree.insert(AVLTree.java:48)
	at AVLTree.insert(AVLTree.java:48)
	at AVLTree.insert(AVLTree.java:48)
	at AVLTree.insert(AVLTree.java:48)
	at AVLTree.insert(AVLTree.java:48)
	at AVLTree.insert(AVLTree.java:48)
	at AVLTree.insert(AVLTree.java:48)
	at AVLTree.insert(AVLTree.java:48)
	at AVLTree.insert(AVLTree.java:48)
	at AVLTree.insert(AVLTree.java:48)
	at AVLTree.insert(AVLTree.java:48)
	at AVLTree.insert(AVLTree.java:48)
	at AVLTree.insert(AVLTree.java:48)
	at AVLTree.insert(AVLTree.java:48)
	at AVLTree.insert(AVLTree.java:48)
	at AVLTree.insert(AVLTree.java:48)
	at AVLTree.insert(AVLTree.java:48)
	at AVLTree.insert(AVLTree.java:48)
	at AVLTree.insert(AVLTree.java:48)
	at AVLTree.insert(AVLTree.java:48)
	at AVLTree.insert(AVLTree.java:48)
	at AVLTree.insert(AVLTree.java:48)
	at AVLTree.insert(AVLTree.java:48)
	at AVLTree.insert(AVLTree.java:48)
	at AVLTree.insert(AVLTree.java:48)
	at AVLTree.insert(AVLTree.java:48)
	at AVLTree.insert(AVLTree.java:48)
	at AVLTree.insert(AVLTree.java:48)
	at AVLTree.insert(AVLTree.java:48)
	at AVLTree.insert(AVLTree.java:48)
	at AVLTree.insert(AVLTree.java:48)
	at AVLTree.insert(AVLTree.java:48)
	at AVLTree.insert(AVLTree.java:48)
	at AVLTree.insert(AVLTree.java:48)
	at AVLTree.insert(AVLTree.java:48)
	at AVLTree.insert(AVLTree.java:48)
	at AVLTree.insert(AVLTree.java:48)
	at AVLTree.insert(AVLTree.java:48)
	at AVLTree.insert(AVLTree.java:48)
	at AVLTree.insert(AVLTree.java:48)
	at AVLTree.insert(AVLTree.java:48)
	at AVLTree.insert(AVLTree.java:48)
	at AVLTree.insert(AVLTree.java:48)
	at AVLTree.insert(AVLTree.java:48)
	at AVLTree.insert(AVLTree.java:48)
	at AVLTree.insert(AVLTree.java:48)
	at AVLTree.insert(AVLTree.java:48)
	at AVLTree.insert(AVLTree.java:48)
	at AVLTree.insert(AVLTree.java:48)
	at AVLTree.insert(AVLTree.java:48)
	at AVLTree.insert(AVLTree.java:48)
	at AVLTree.insert(AVLTree.java:48)
	at AVLTree.insert(AVLTree.java:48)
	at AVLTree.insert(AVLTree.java:48)
	at AVLTree.insert(AVLTree.java:48)
	at AVLTree.insert(AVLTree.java:48)
	at AVLTree.insert(AVLTree.java:48)
	at AVLTree.insert(AVLTree.java:48)
	at AVLTree.insert(AVLTree.java:48)
	at AVLTree.insert(AVLTree.java:48)
	at AVLTree.insert(AVLTree.java:48)
	at AVLTree.insert(AVLTree.java:48)
	at AVLTree.insert(AVLTree.java:48)
	at AVLTree.insert(AVLTree.java:48)
	at AVLTree.insert(AVLTree.java:48)
	at AVLTree.insert(AVLTree.java:48)
	at AVLTree.insert(AVLTree.java:48)
	at AVLTree.insert(AVLTree.java:48)
	at AVLTree.insert(AVLTree.java:48)
	at AVLTree.insert(AVLTree.java:48)
	at AVLTree.insert(AVLTree.java:48)
	at AVLTree.insert(AVLTree.java:48)
	at AVLTree.insert(AVLTree.java:48)
	at AVLTree.insert(AVLTree.java:48)
	at AVLTree.insert(AVLTree.java:48)
	at AVLTree.insert(AVLTree.java:48)
	at AVLTree.insert(AVLTree.java:48)
	at AVLTree.insert(AVLTree.java:48)
	at AVLTree.insert(AVLTree.java:48)
	at AVLTree.insert(AVLTree.java:48)
	at AVLTree.insert(AVLTree.java:48)
	at AVLTree.insert(AVLTree.java:48)
	at AVLTree.insert(AVLTree.java:48)
	at AVLTree.insert(AVLTree.java:48)
	at AVLTree.insert(AVLTree.java:48)
	at AVLTree.insert(AVLTree.java:48)
	at AVLTree.insert(AVLTree.java:48)
	at AVLTree.insert(AVLTree.java:48)
	at AVLTree.insert(AVLTree.java:48)
	at AVLTree.insert(AVLTree.java:48)
	at AVLTree.insert(AVLTree.java:48)
	at AVLTree.insert(AVLTree.java:48)
	at AVLTree.insert(AVLTree.java:48)
	at AVLTree.insert(AVLTree.java:48)
	at AVLTree.insert(AVLTree.java:48)
	at AVLTree.insert(AVLTree.java:48)
	at AVLTree.insert(AVLTree.java:48)
	at AVLTree.insert(AVLTree.java:48)
	at AVLTree.insert(AVLTree.java:48)
	at AVLTree.insert(AVLTree.java:48)
	at AVLTree.insert(AVLTree.java:48)
	at AVLTree.insert(AVLTree.java:48)
	at AVLTree.insert(AVLTree.java:48)
	at AVLTree.insert(AVLTree.java:48)
	at AVLTree.insert(AVLTree.java:48)
	at AVLTree.insert(AVLTree.java:48)
	at AVLTree.insert(AVLTree.java:48)
	at AVLTree.insert(AVLTree.java:48)
	at AVLTree.insert(AVLTree.java:48)
	at AVLTree.insert(AVLTree.java:48)
	at AVLTree.insert(AVLTree.java:48)
	at AVLTree.insert(AVLTree.java:48)
	at AVLTree.insert(AVLTree.java:48)
	at AVLTree.insert(AVLTree.java:48)
	at AVLTree.insert(AVLTree.java:48)
	at AVLTree.insert(AVLTree.java:48)
	at AVLTree.insert(AVLTree.java:48)
	at AVLTree.insert(AVLTree.java:48)
	at AVLTree.insert(AVLTree.java:48)
	at AVLTree.insert(AVLTree.java:48)
	at AVLTree.insert(AVLTree.java:48)
	at AVLTree.insert(AVLTree.java:48)
	at AVLTree.insert(AVLTree.java:48)
	at AVLTree.insert(AVLTree.java:48)
	at AVLTree.insert(AVLTree.java:48)
	at AVLTree.insert(AVLTree.java:48)
	at AVLTree.insert(AVLTree.java:48)
	at AVLTree.insert(AVLTree.java:48)
	at AVLTree.insert(AVLTree.java:48)
	at AVLTree.insert(AVLTree.java:48)
	at AVLTree.insert(AVLTree.java:48)
	at AVLTree.insert(AVLTree.java:48)
	at AVLTree.insert(AVLTree.java:48)
	at AVLTree.insert(AVLTree.java:48)
	at AVLTree.insert(AVLTree.java:48)
	at AVLTree.insert(AVLTree.java:48)
	at AVLTree.insert(AVLTree.java:48)
	at AVLTree.insert(AVLTree.java:48)
	at AVLTree.insert(AVLTree.java:48)
	at AVLTree.insert(AVLTree.java:48)
	at AVLTree.insert(AVLTree.java:48)
	at AVLTree.insert(AVLTree.java:48)
	at AVLTree.insert(AVLTree.java:48)
	at AVLTree.insert(AVLTree.java:48)
	at AVLTree.insert(AVLTree.java:48)
	at AVLTree.insert(AVLTree.java:48)
	at AVLTree.insert(AVLTree.java:48)
	at AVLTree.insert(AVLTree.java:48)
	at AVLTree.insert(AVLTree.java:48)
	at AVLTree.insert(AVLTree.java:48)
	at AVLTree.insert(AVLTree.java:48)
	at AVLTree.insert(AVLTree.java:48)
	at AVLTree.insert(AVLTree.java:48)
	at AVLTree.insert(AVLTree.java:48)
	at AVLTree.insert(AVLTree.java:48)
	at AVLTree.insert(AVLTree.java:48)
	at AVLTree.insert(AVLTree.java:48)
	at AVLTree.insert(AVLTree.java:48)
	at AVLTree.insert(AVLTree.java:48)
	at AVLTree.insert(AVLTree.java:48)
	at AVLTree.insert(AVLTree.java:48)
	at AVLTree.insert(AVLTree.java:48)
	at AVLTree.insert(AVLTree.java:48)
	at AVLTree.insert(AVLTree.java:48)
	at AVLTree.insert(AVLTree.java:48)
	at AVLTree.insert(AVLTree.java:48)
	at AVLTree.insert(AVLTree.java:48)
	at AVLTree.insert(AVLTree.java:48)
	at AVLTree.insert(AVLTree.java:48)
	at AVLTree.insert(AVLTree.java:48)
	at AVLTree.insert(AVLTree.java:48)
	at AVLTree.insert(AVLTree.java:48)
	at AVLTree.insert(AVLTree.java:48)
	at AVLTree.insert(AVLTree.java:48)
	at AVLTree.insert(AVLTree.java:48)
	at AVLTree.insert(AVLTree.java:48)
	at AVLTree.insert(AVLTree.java:48)
	at AVLTree.insert(AVLTree.java:48)
	at AVLTree.insert(AVLTree.java:48)
	at AVLTree.insert(AVLTree.java:48)
	at AVLTree.insert(AVLTree.java:48)
	at AVLTree.insert(AVLTree.java:48)
	at AVLTree.insert(AVLTree.java:48)
	at AVLTree.insert(AVLTree.java:48)
	at AVLTree.insert(AVLTree.java:48)
	at AVLTree.insert(AVLTree.java:48)
	at AVLTree.insert(AVLTree.java:48)
	at AVLTree.insert(AVLTree.java:48)
	at AVLTree.insert(AVLTree.java:48)
	at AVLTree.insert(AVLTree.java:48)
	at AVLTree.insert(AVLTree.java:48)
	at AVLTree.insert(AVLTree.java:48)
	at AVLTree.insert(AVLTree.java:48)
	at AVLTree.insert(AVLTree.java:48)
	at AVLTree.insert(AVLTree.java:48)
	at AVLTree.insert(AVLTree.java:48)
	at AVLTree.insert(AVLTree.java:48)
	at AVLTree.insert(AVLTree.java:48)
	at AVLTree.insert(AVLTree.java:48)
	at AVLTree.insert(AVLTree.java:48)
	at AVLTree.insert(AVLTree.java:48)
	at AVLTree.insert(AVLTree.java:48)
	at AVLTree.insert(AVLTree.java:48)
	at AVLTree.insert(AVLTree.java:48)
	at AVLTree.insert(AVLTree.java:48)
	at AVLTree.insert(AVLTree.java:48)
	at AVLTree.insert(AVLTree.java:48)
	at AVLTree.insert(AVLTree.java:48)
	at AVLTree.insert(AVLTree.java:48)
	at AVLTree.insert(AVLTree.java:48)
	at AVLTree.insert(AVLTree.java:48)
	at AVLTree.insert(AVLTree.java:48)
	at AVLTree.insert(AVLTree.java:48)
	at AVLTree.insert(AVLTree.java:48)
	at AVLTree.insert(AVLTree.java:48)
	at AVLTree.insert(AVLTree.java:48)
	at AVLTree.insert(AVLTree.java:48)
	at AVLTree.insert(AVLTree.java:48)
	at AVLTree.insert(AVLTree.java:48)
	at AVLTree.insert(AVLTree.java:48)
	at AVLTree.insert(AVLTree.java:48)
	at AVLTree.insert(AVLTree.java:48)
	at AVLTree.insert(AVLTree.java:48)
	at AVLTree.insert(AVLTree.java:48)
	at AVLTree.insert(AVLTree.java:48)
	at AVLTree.insert(AVLTree.java:48)
	at AVLTree.insert(AVLTree.java:48)
	at AVLTree.insert(AVLTree.java:48)
	at AVLTree.insert(AVLTree.java:48)
	at AVLTree.insert(AVLTree.java:48)
	at AVLTree.insert(AVLTree.java:48)
	at AVLTree.insert(AVLTree.java:48)
	at AVLTree.insert(AVLTree.java:48)
	at AVLTree.insert(AVLTree.java:48)
	at AVLTree.insert(AVLTree.java:48)
	at AVLTree.insert(AVLTree.java:48)
	at AVLTree.insert(AVLTree.java:48)
	at AVLTree.insert(AVLTree.java:48)
	at AVLTree.insert(AVLTree.java:48)
	at AVLTree.insert(AVLTree.java:48)
	at AVLTree.insert(AVLTree.java:48)
	at AVLTree.insert(AVLTree.java:48)
	at AVLTree.insert(AVLTree.java:48)
	at AVLTree.insert(AVLTree.java:48)
	at AVLTree.insert(AVLTree.java:48)
	at AVLTree.insert(AVLTree.java:48)
	at AVLTree.insert(AVLTree.java:48)
	at AVLTree.insert(AVLTree.java:48)
	at AVLTree.insert(AVLTree.java:48)
	at AVLTree.insert(AVLTree.java:48)
	at AVLTree.insert(AVLTree.java:48)
	at AVLTree.insert(AVLTree.java:48)
	at AVLTree.insert(AVLTree.java:48)
	at AVLTree.insert(AVLTree.java:48)
	at AVLTree.insert(AVLTree.java:48)
	at AVLTree.insert(AVLTree.java:48)
	at AVLTree.insert(AVLTree.java:48)
	at AVLTree.insert(AVLTree.java:48)
	at AVLTree.insert(AVLTree.java:48)
	at AVLTree.insert(AVLTree.java:48)
	at AVLTree.insert(AVLTree.java:48)
	at AVLTree.insert(AVLTree.java:48)
	at AVLTree.insert(AVLTree.java:48)
	at AVLTree.insert(AVLTree.java:48)
	at AVLTree.insert(AVLTree.java:48)
	at AVLTree.insert(AVLTree.java:48)
	at AVLTree.insert(AVLTree.java:48)
	at AVLTree.insert(AVLTree.java:48)
	at AVLTree.insert(AVLTree.java:48)
	at AVLTree.insert(AVLTree.java:48)
	at AVLTree.insert(AVLTree.java:48)
	at AVLTree.insert(AVLTree.java:48)
	at AVLTree.insert(AVLTree.java:48)
	at AVLTree.insert(AVLTree.java:48)
	at AVLTree.insert(AVLTree.java:48)
	at AVLTree.insert(AVLTree.java:48)
	at AVLTree.insert(AVLTree.java:48)
	at AVLTree.insert(AVLTree.java:48)
	at AVLTree.insert(AVLTree.java:48)
	at AVLTree.insert(AVLTree.java:48)
	at AVLTree.insert(AVLTree.java:48)
	at AVLTree.insert(AVLTree.java:48)
	at AVLTree.insert(AVLTree.java:48)
	at AVLTree.insert(AVLTree.java:48)
	at AVLTree.insert(AVLTree.java:48)
	at AVLTree.insert(AVLTree.java:48)
	at AVLTree.insert(AVLTree.java:48)
	at AVLTree.insert(AVLTree.java:48)
	at AVLTree.insert(AVLTree.java:48)
	at AVLTree.insert(AVLTree.java:48)
	at AVLTree.insert(AVLTree.java:48)
	at AVLTree.insert(AVLTree.java:48)
	at AVLTree.insert(AVLTree.java:48)
	at AVLTree.insert(AVLTree.java:48)
	at AVLTree.insert(AVLTree.java:48)
	at AVLTree.insert(AVLTree.java:48)
	at AVLTree.insert(AVLTree.java:48)
	at AVLTree.insert(AVLTree.java:48)
	at AVLTree.insert(AVLTree.java:48)
	at AVLTree.insert(AVLTree.java:48)
	at AVLTree.insert(AVLTree.java:48)
	at AVLTree.insert(AVLTree.java:48)
	at AVLTree.insert(AVLTree.java:48)
	at AVLTree.insert(AVLTree.java:48)
	at AVLTree.insert(AVLTree.java:48)
	at AVLTree.insert(AVLTree.java:48)
	at AVLTree.insert(AVLTree.java:48)
	at AVLTree.insert(AVLTree.java:48)
	at AVLTree.insert(AVLTree.java:48)
	at AVLTree.insert(AVLTree.java:48)
	at AVLTree.insert(AVLTree.java:48)
	at AVLTree.insert(AVLTree.java:48)
	at AVLTree.insert(AVLTree.java:48)
	at AVLTree.insert(AVLTree.java:48)
	at AVLTree.insert(AVLTree.java:48)
	at AVLTree.insert(AVLTree.java:48)
	at AVLTree.insert(AVLTree.java:48)
	at AVLTree.insert(AVLTree.java:48)
	at AVLTree.insert(AVLTree.java:48)
	at AVLTree.insert(AVLTree.java:48)
	at AVLTree.insert(AVLTree.java:48)
	at AVLTree.insert(AVLTree.java:48)
	at AVLTree.insert(AVLTree.java:48)
	at AVLTree.insert(AVLTree.java:48)
	at AVLTree.insert(AVLTree.java:48)
	at AVLTree.insert(AVLTree.java:48)
	at AVLTree.insert(AVLTree.java:48)
	at AVLTree.insert(AVLTree.java:48)
	at AVLTree.insert(AVLTree.java:48)
	at AVLTree.insert(AVLTree.java:48)
	at AVLTree.insert(AVLTree.java:48)
	at AVLTree.insert(AVLTree.java:48)
	at AVLTree.insert(AVLTree.java:48)
	at AVLTree.insert(AVLTree.java:48)
	at AVLTree.insert(AVLTree.java:48)
	at AVLTree.insert(AVLTree.java:48)
	at AVLTree.insert(AVLTree.java:48)
	at AVLTree.insert(AVLTree.java:48)
	at AVLTree.insert(AVLTree.java:48)
	at AVLTree.insert(AVLTree.java:48)
	at AVLTree.insert(AVLTree.java:48)
	at AVLTree.insert(AVLTree.java:48)
	at AVLTree.insert(AVLTree.java:48)
	at AVLTree.insert(AVLTree.java:48)
	at AVLTree.insert(AVLTree.java:48)
	at AVLTree.insert(AVLTree.java:48)
	at AVLTree.insert(AVLTree.java:48)
	at AVLTree.insert(AVLTree.java:48)
	at AVLTree.insert(AVLTree.java:48)
	at AVLTree.insert(AVLTree.java:48)
	at AVLTree.insert(AVLTree.java:48)
	at AVLTree.insert(AVLTree.java:48)
	at AVLTree.insert(AVLTree.java:48)
	at AVLTree.insert(AVLTree.java:48)
	at AVLTree.insert(AVLTree.java:48)
	at AVLTree.insert(AVLTree.java:48)
	at AVLTree.insert(AVLTree.java:48)
	at AVLTree.insert(AVLTree.java:48)
	at AVLTree.insert(AVLTree.java:48)
	at AVLTree.insert(AVLTree.java:48)
	at AVLTree.insert(AVLTree.java:48)
	at AVLTree.insert(AVLTree.java:48)
	at AVLTree.insert(AVLTree.java:48)
	at AVLTree.insert(AVLTree.java:48)
	at AVLTree.insert(AVLTree.java:48)
	at AVLTree.insert(AVLTree.java:48)
	at AVLTree.insert(AVLTree.java:48)
	at AVLTree.insert(AVLTree.java:48)
	at AVLTree.insert(AVLTree.java:48)
	at AVLTree.insert(AVLTree.java:48)
	at AVLTree.insert(AVLTree.java:48)
	at AVLTree.insert(AVLTree.java:48)
	at AVLTree.insert(AVLTree.java:48)
	at AVLTree.insert(AVLTree.java:48)
	at AVLTree.insert(AVLTree.java:48)
	at AVLTree.insert(AVLTree.java:48)
	at AVLTree.insert(AVLTree.java:48)
	at AVLTree.insert(AVLTree.java:48)
	at AVLTree.insert(AVLTree.java:48)
	at AVLTree.insert(AVLTree.java:48)
	at AVLTree.insert(AVLTree.java:48)
	at AVLTree.insert(AVLTree.java:48)
	at AVLTree.insert(AVLTree.java:48)
	at AVLTree.insert(AVLTree.java:48)
	at AVLTree.insert(AVLTree.java:48)
	at AVLTree.insert(AVLTree.java:48)
	at AVLTree.insert(AVLTree.java:48)
	at AVLTree.insert(AVLTree.java:48)
	at AVLTree.insert(AVLTree.java:48)
	at AVLTree.insert(AVLTree.java:48)
	at AVLTree.insert(AVLTree.java:48)
	at AVLTree.insert(AVLTree.java:48)
	at AVLTree.insert(AVLTree.java:48)
	at AVLTree.insert(AVLTree.java:48)
	at AVLTree.insert(AVLTree.java:48)
	at AVLTree.insert(AVLTree.java:48)
	at AVLTree.insert(AVLTree.java:48)
	at AVLTree.insert(AVLTree.java:48)
	at AVLTree.insert(AVLTree.java:48)
	at AVLTree.insert(AVLTree.java:48)
	at AVLTree.insert(AVLTree.java:48)
	at AVLTree.insert(AVLTree.java:48)
	at AVLTree.insert(AVLTree.java:48)
	at AVLTree.insert(AVLTree.java:48)
	at AVLTree.insert(AVLTree.java:48)
	at AVLTree.insert(AVLTree.java:48)
	at AVLTree.insert(AVLTree.java:48)
	at AVLTree.insert(AVLTree.java:48)
	at AVLTree.insert(AVLTree.java:48)
	at AVLTree.insert(AVLTree.java:48)
	at AVLTree.insert(AVLTree.java:48)
	at AVLTree.insert(AVLTree.java:48)
	at AVLTree.insert(AVLTree.java:48)
	at AVLTree.insert(AVLTree.java:48)
	at AVLTree.insert(AVLTree.java:48)
	at AVLTree.insert(AVLTree.java:48)
	at AVLTree.insert(AVLTree.java:48)
	at AVLTree.insert(AVLTree.java:48)
	at AVLTree.insert(AVLTree.java:48)
	at AVLTree.insert(AVLTree.java:48)
	at AVLTree.insert(AVLTree.java:48)
	at AVLTree.insert(AVLTree.java:48)
	at AVLTree.insert(AVLTree.java:48)
	at AVLTree.insert(AVLTree.java:48)
	at AVLTree.insert(AVLTree.java:48)
	at AVLTree.insert(AVLTree.java:48)
	at AVLTree.insert(AVLTree.java:48)
	at AVLTree.insert(AVLTree.java:48)
	at AVLTree.insert(AVLTree.java:48)
	at AVLTree.insert(AVLTree.java:48)
	at AVLTree.insert(AVLTree.java:48)
	at AVLTree.insert(AVLTree.java:48)
	at AVLTree.insert(AVLTree.java:48)
	at AVLTree.insert(AVLTree.java:48)
	at AVLTree.insert(AVLTree.java:48)
	at AVLTree.insert(AVLTree.java:48)
	at AVLTree.insert(AVLTree.java:48)
	at AVLTree.insert(AVLTree.java:48)
	at AVLTree.insert(AVLTree.java:48)
	at AVLTree.insert(AVLTree.java:48)
	at AVLTree.insert(AVLTree.java:48)
	at AVLTree.insert(AVLTree.java:48)
	at AVLTree.insert(AVLTree.java:48)
	at AVLTree.insert(AVLTree.java:48)
	at AVLTree.insert(AVLTree.java:48)
	at AVLTree.insert(AVLTree.java:48)
	at AVLTree.insert(AVLTree.java:48)
	at AVLTree.insert(AVLTree.java:48)
	at AVLTree.insert(AVLTree.java:48)
	at AVLTree.insert(AVLTree.java:48)
	at AVLTree.insert(AVLTree.java:48)
	at AVLTree.insert(AVLTree.java:48)
	at AVLTree.insert(AVLTree.java:48)
	at AVLTree.insert(AVLTree.java:48)
	at AVLTree.insert(AVLTree.java:48)
	at AVLTree.insert(AVLTree.java:48)
	at AVLTree.insert(AVLTree.java:48)
	at AVLTree.insert(AVLTree.java:48)
	at AVLTree.insert(AVLTree.java:48)
	at AVLTree.insert(AVLTree.java:48)
	at AVLTree.insert(AVLTree.java:48)
	at AVLTree.insert(AVLTree.java:48)
	at AVLTree.insert(AVLTree.java:48)
	at AVLTree.insert(AVLTree.java:48)
	at AVLTree.insert(AVLTree.java:48)
	at AVLTree.insert(AVLTree.java:48)
	at AVLTree.insert(AVLTree.java:48)
	at AVLTree.insert(AVLTree.java:48)
	at AVLTree.insert(AVLTree.java:48)
	at AVLTree.insert(AVLTree.java:48)
	at AVLTree.insert(AVLTree.java:48)
	at AVLTree.insert(AVLTree.java:48)
	at AVLTree.insert(AVLTree.java:48)
	at AVLTree.insert(AVLTree.java:48)
	at AVLTree.insert(AVLTree.java:48)
	at AVLTree.insert(AVLTree.java:48)
	at AVLTree.insert(AVLTree.java:48)
	at AVLTree.insert(AVLTree.java:48)
	at AVLTree.insert(AVLTree.java:48)
	at AVLTree.insert(AVLTree.java:48)
	at AVLTree.insert(AVLTree.java:48)
	at AVLTree.insert(AVLTree.java:48)
	at AVLTree.insert(AVLTree.java:48)
	at AVLTree.insert(AVLTree.java:48)
	at AVLTree.insert(AVLTree.java:48)
	at AVLTree.insert(AVLTree.java:48)
	at AVLTree.insert(AVLTree.java:48)
	at AVLTree.insert(AVLTree.java:48)
	at AVLTree.insert(AVLTree.java:48)
	at AVLTree.insert(AVLTree.java:48)
	at AVLTree.insert(AVLTree.java:48)
	at AVLTree.insert(AVLTree.java:48)
	at AVLTree.insert(AVLTree.java:48)
	at AVLTree.insert(AVLTree.java:48)
	at AVLTree.insert(AVLTree.java:48)
	at AVLTree.insert(AVLTree.java:48)
	at AVLTree.insert(AVLTree.java:48)
	at AVLTree.insert(AVLTree.java:48)
	at AVLTree.insert(AVLTree.java:48)
	at AVLTree.insert(AVLTree.java:48)
	at AVLTree.insert(AVLTree.java:48)
	at AVLTree.insert(AVLTree.java:48)
	at AVLTree.insert(AVLTree.java:48)
	at AVLTree.insert(AVLTree.java:48)
	at AVLTree.insert(AVLTree.java:48)
	at AVLTree.insert(AVLTree.java:48)
	at AVLTree.insert(AVLTree.java:48)
	at AVLTree.insert(AVLTree.java:48)
	at AVLTree.insert(AVLTree.java:48)
	at AVLTree.insert(AVLTree.java:48)
	at AVLTree.insert(AVLTree.java:48)
	at AVLTree.insert(AVLTree.java:48)
	at AVLTree.insert(AVLTree.java:48)
	at AVLTree.insert(AVLTree.java:48)
	at AVLTree.insert(AVLTree.java:48)
	at AVLTree.insert(AVLTree.java:48)
	at AVLTree.insert(AVLTree.java:48)
	at AVLTree.insert(AVLTree.java:48)
	at AVLTree.insert(AVLTree.java:48)
	at AVLTree.insert(AVLTree.java:48)
	at AVLTree.insert(AVLTree.java:48)
	at AVLTree.insert(AVLTree.java:48)
	at AVLTree.insert(AVLTree.java:48)
	at AVLTree.insert(AVLTree.java:48)
	at AVLTree.insert(AVLTree.java:48)
	at AVLTree.insert(AVLTree.java:48)
	at AVLTree.insert(AVLTree.java:48)
	at AVLTree.insert(AVLTree.java:48)
	at AVLTree.insert(AVLTree.java:48)
	at AVLTree.insert(AVLTree.java:48)
	at AVLTree.insert(AVLTree.java:48)
	at AVLTree.insert(AVLTree.java:48)
	at AVLTree.insert(AVLTree.java:48)
	at AVLTree.insert(AVLTree.java:48)
	at AVLTree.insert(AVLTree.java:48)
	at AVLTree.insert(AVLTree.java:48)
	at AVLTree.insert(AVLTree.java:48)
	at AVLTree.insert(AVLTree.java:48)
	at AVLTree.insert(AVLTree.java:48)
	at AVLTree.insert(AVLTree.java:48)
	at AVLTree.insert(AVLTree.java:48)
	at AVLTree.insert(AVLTree.java:48)
	at AVLTree.insert(AVLTree.java:48)
	at AVLTree.insert(AVLTree.java:48)
	at AVLTree.insert(AVLTree.java:48)
	at AVLTree.insert(AVLTree.java:48)
	at AVLTree.insert(AVLTree.java:48)
	at AVLTree.insert(AVLTree.java:48)
	at AVLTree.insert(AVLTree.java:48)
	at AVLTree.insert(AVLTree.java:48)
	at AVLTree.insert(AVLTree.java:48)
	at AVLTree.insert(AVLTree.java:48)
	at AVLTree.insert(AVLTree.java:48)
	at AVLTree.insert(AVLTree.java:48)
	at AVLTree.insert(AVLTree.java:48)
	at AVLTree.insert(AVLTree.java:48)
	at AVLTree.insert(AVLTree.java:48)
	at AVLTree.insert(AVLTree.java:48)
	at AVLTree.insert(AVLTree.java:48)
	at AVLTree.insert(AVLTree.java:48)
	at AVLTree.insert(AVLTree.java:48)
	at AVLTree.insert(AVLTree.java:48)
	at AVLTree.insert(AVLTree.java:48)
	at AVLTree.insert(AVLTree.java:48)
	at AVLTree.insert(AVLTree.java:48)
	at AVLTree.insert(AVLTree.java:48)
	at AVLTree.insert(AVLTree.java:48)
	at AVLTree.insert(AVLTree.java:48)
	at AVLTree.insert(AVLTree.java:48)
	at AVLTree.insert(AVLTree.java:48)
	at AVLTree.insert(AVLTree.java:48)
	at AVLTree.insert(AVLTree.java:48)
	at AVLTree.insert(AVLTree.java:48)
	at AVLTree.insert(AVLTree.java:48)
	at AVLTree.insert(AVLTree.java:48)
	at AVLTree.insert(AVLTree.java:48)
	at AVLTree.insert(AVLTree.java:48)
	at AVLTree.insert(AVLTree.java:48)
	at AVLTree.insert(AVLTree.java:48)
	at AVLTree.insert(AVLTree.java:48)
	at AVLTree.insert(AVLTree.java:48)
	at AVLTree.insert(AVLTree.java:48)
	at AVLTree.insert(AVLTree.java:48)
	at AVLTree.insert(AVLTree.java:48)
	at AVLTree.insert(AVLTree.java:48)
	at AVLTree.insert(AVLTree.java:48)
	at AVLTree.insert(AVLTree.java:48)
	at AVLTree.insert(AVLTree.java:48)
	at AVLTree.insert(AVLTree.java:48)
	at AVLTree.insert(AVLTree.java:48)
	at AVLTree.insert(AVLTree.java:48)
	at AVLTree.insert(AVLTree.java:48)
	at AVLTree.insert(AVLTree.java:48)
	at AVLTree.insert(AVLTree.java:48)
	at AVLTree.insert(AVLTree.java:48)
	at AVLTree.insert(AVLTree.java:48)
	at AVLTree.insert(AVLTree.java:48)
	at AVLTree.insert(AVLTree.java:48)
	at AVLTree.insert(AVLTree.java:48)
	at AVLTree.insert(AVLTree.java:48)
	at AVLTree.insert(AVLTree.java:48)
	at AVLTree.insert(AVLTree.java:48)
	at AVLTree.insert(AVLTree.java:48)
	at AVLTree.insert(AVLTree.java:48)
	at AVLTree.insert(AVLTree.java:48)
	at AVLTree.insert(AVLTree.java:48)
	at AVLTree.insert(AVLTree.java:48)
	at AVLTree.insert(AVLTree.java:48)
	at AVLTree.insert(AVLTree.java:48)
	at AVLTree.insert(AVLTree.java:48)
	at AVLTree.insert(AVLTree.java:48)
	at AVLTree.insert(AVLTree.java:48)
	at AVLTree.insert(AVLTree.java:48)
	at AVLTree.insert(AVLTree.java:48)
	at AVLTree.insert(AVLTree.java:48)
	at AVLTree.insert(AVLTree.java:48)
	at AVLTree.insert(AVLTree.java:48)
	at AVLTree.insert(AVLTree.java:48)
	at AVLTree.insert(AVLTree.java:48)
	at AVLTree.insert(AVLTree.java:48)
	at AVLTree.insert(AVLTree.java:48)
	at AVLTree.insert(AVLTree.java:48)
	at AVLTree.insert(AVLTree.java:48)
	at AVLTree.insert(AVLTree.java:48)
	at AVLTree.insert(AVLTree.java:48)
	at AVLTree.insert(AVLTree.java:48)
	at AVLTree.insert(AVLTree.java:48)
	at AVLTree.insert(AVLTree.java:48)
	at AVLTree.insert(AVLTree.java:48)
	at AVLTree.insert(AVLTree.java:48)
	at AVLTree.insert(AVLTree.java:48)
	at AVLTree.insert(AVLTree.java:48)
	at AVLTree.insert(AVLTree.java:48)
	at AVLTree.insert(AVLTree.java:48)
	at AVLTree.insert(AVLTree.java:48)
	at AVLTree.insert(AVLTree.java:48)
	at AVLTree.insert(AVLTree.java:48)
	at AVLTree.insert(AVLTree.java:48)
	at AVLTree.insert(AVLTree.java:48)
	at AVLTree.insert(AVLTree.java:48)
	at AVLTree.insert(AVLTree.java:48)
	at AVLTree.insert(AVLTree.java:48)
	at AVLTree.insert(AVLTree.java:48)
	at AVLTree.insert(AVLTree.java:48)
	at AVLTree.insert(AVLTree.java:48)
	at AVLTree.insert(AVLTree.java:48)
	at AVLTree.insert(AVLTree.java:48)
	at AVLTree.insert(AVLTree.java:48)
	at AVLTree.insert(AVLTree.java:48)
	at AVLTree.insert(AVLTree.java:48)
	at AVLTree.insert(AVLTree.java:48)
	at AVLTree.insert(AVLTree.java:48)
	at AVLTree.insert(AVLTree.java:48)
	at AVLTree.insert(AVLTree.java:48)

