-------------------------------------------------------------------------------
Test set: AVLTree_ESTest
-------------------------------------------------------------------------------
Tests run: 28, Failures: 0, Errors: 1, Skipped: 0, Time elapsed: 3.217 sec <<< FAILURE!
test03(AVLTree_ESTest)  Time elapsed: 0.038 sec  <<< ERROR!
java.lang.StackOverflowError
	at org.evosuite.runtime.thread.KillSwitchHandler.checkTimeout(KillSwitchHandler.java)
	at org.evosuite.runtime.thread.KillSwitchHandler.killIfTimeout(KillSwitchHandler.java:59)
	at AVLTree.insert(AVLTree.java:45)
	at AVLTree.insert(AVLTree.java:48)
	at AVLTree.insert(AVLTree.java:48)
	at AVLTree.insert(AVLTree.java:48)
	at AVLTree.insert(AVLTree.java:48)
	at AVLTree.insert(AVLTree.java:48)
	at AVLTree.insert(AVLTree.java:48)
	at AVLTree.insert(AVLTree.java:48)
	at AVLTree.insert(AVLTree.java:48)
	at AVLTree.insert(AVLTree.java:48)
	at AVLTree.insert(AVLTree.java:48)
	at AVLTree.insert(AVLTree.java:48)
	at AVLTree.insert(AVLTree.java:48)
	at AVLTree.insert(AVLTree.java:48)
	at AVLTree.insert(AVLTree.java:48)
	at AVLTree.insert(AVLTree.java:48)
	at AVLTree.insert(AVLTree.java:48)
	at AVLTree.insert(AVLTree.java:48)
	at AVLTree.insert(AVLTree.java:48)
	at AVLTree.insert(AVLTree.java:48)
	at AVLTree.insert(AVLTree.java:48)
	at AVLTree.insert(AVLTree.java:48)
	at AVLTree.insert(AVLTree.java:48)
	at AVLTree.insert(AVLTree.java:48)
	at AVLTree.insert(AVLTree.java:48)
	at AVLTree.insert(AVLTree.java:48)
	at AVLTree.insert(AVLTree.java:48)
	at AVLTree.insert(AVLTree.java:48)
	at AVLTree.insert(AVLTree.java:48)
	at AVLTree.insert(AVLTree.java:48)
	at AVLTree.insert(AVLTree.java:48)
	at AVLTree.insert(AVLTree.java:48)
	at AVLTree.insert(AVLTree.java:48)
	at AVLTree.insert(AVLTree.java:48)
	at AVLTree.insert(AVLTree.java:48)
	at AVLTree.insert(AVLTree.java:48)
	at AVLTree.insert(AVLTree.java:48)
	at AVLTree.insert(AVLTree.java:48)
	at AVLTree.insert(AVLTree.java:48)
	at AVLTree.insert(AVLTree.java:48)
	at AVLTree.insert(AVLTree.java:48)
	at AVLTree.insert(AVLTree.java:48)
	at AVLTree.insert(AVLTree.java:48)
	at AVLTree.insert(AVLTree.java:48)
	at AVLTree.insert(AVLTree.java:48)
	at AVLTree.insert(AVLTree.java:48)
	at AVLTree.insert(AVLTree.java:48)
	at AVLTree.insert(AVLTree.java:48)
	at AVLTree.insert(AVLTree.java:48)
	at AVLTree.insert(AVLTree.java:48)
	at AVLTree.insert(AVLTree.java:48)
	at AVLTree.insert(AVLTree.java:48)
	at AVLTree.insert(AVLTree.java:48)
	at AVLTree.insert(AVLTree.java:48)
	at AVLTree.insert(AVLTree.java:48)
	at AVLTree.insert(AVLTree.java:48)
	at AVLTree.insert(AVLTree.java:48)
	at AVLTree.insert(AVLTree.java:48)
	at AVLTree.insert(AVLTree.java:48)
	at AVLTree.insert(AVLTree.java:48)
	at AVLTree.insert(AVLTree.java:48)
	at AVLTree.insert(AVLTree.java:48)
	at AVLTree.insert(AVLTree.java:48)
	at AVLTree.insert(AVLTree.java:48)
	at AVLTree.insert(AVLTree.java:48)
	at AVLTree.insert(AVLTree.java:48)
	at AVLTree.insert(AVLTree.java:48)
	at AVLTree.insert(AVLTree.java:48)
	at AVLTree.insert(AVLTree.java:48)
	at AVLTree.insert(AVLTree.java:48)
	at AVLTree.insert(AVLTree.java:48)
	at AVLTree.insert(AVLTree.java:48)
	at AVLTree.insert(AVLTree.java:48)
	at AVLTree.insert(AVLTree.java:48)
	at AVLTree.insert(AVLTree.java:48)
	at AVLTree.insert(AVLTree.java:48)
	at AVLTree.insert(AVLTree.java:48)
	at AVLTree.insert(AVLTree.java:48)
	at AVLTree.insert(AVLTree.java:48)
	at AVLTree.insert(AVLTree.java:48)
	at AVLTree.insert(AVLTree.java:48)
	at AVLTree.insert(AVLTree.java:48)
	at AVLTree.insert(AVLTree.java:48)
	at AVLTree.insert(AVLTree.java:48)
	at AVLTree.insert(AVLTree.java:48)
	at AVLTree.insert(AVLTree.java:48)
	at AVLTree.insert(AVLTree.java:48)
	at AVLTree.insert(AVLTree.java:48)
	at AVLTree.insert(AVLTree.java:48)
	at AVLTree.insert(AVLTree.java:48)
	at AVLTree.insert(AVLTree.java:48)
	at AVLTree.insert(AVLTree.java:48)
	at AVLTree.insert(AVLTree.java:48)
	at AVLTree.insert(AVLTree.java:48)
	at AVLTree.insert(AVLTree.java:48)
	at AVLTree.insert(AVLTree.java:48)
	at AVLTree.insert(AVLTree.java:48)
	at AVLTree.insert(AVLTree.java:48)
	at AVLTree.insert(AVLTree.java:48)
	at AVLTree.insert(AVLTree.java:48)
	at AVLTree.insert(AVLTree.java:48)
	at AVLTree.insert(AVLTree.java:48)
	at AVLTree.insert(AVLTree.java:48)
	at AVLTree.insert(AVLTree.java:48)
	at AVLTree.insert(AVLTree.java:48)
	at AVLTree.insert(AVLTree.java:48)
	at AVLTree.insert(AVLTree.java:48)
	at AVLTree.insert(AVLTree.java:48)
	at AVLTree.insert(AVLTree.java:48)
	at AVLTree.insert(AVLTree.java:48)
	at AVLTree.insert(AVLTree.java:48)
	at AVLTree.insert(AVLTree.java:48)
	at AVLTree.insert(AVLTree.java:48)
	at AVLTree.insert(AVLTree.java:48)
	at AVLTree.insert(AVLTree.java:48)
	at AVLTree.insert(AVLTree.java:48)
	at AVLTree.insert(AVLTree.java:48)
	at AVLTree.insert(AVLTree.java:48)
	at AVLTree.insert(AVLTree.java:48)
	at AVLTree.insert(AVLTree.java:48)
	at AVLTree.insert(AVLTree.java:48)
	at AVLTree.insert(AVLTree.java:48)
	at AVLTree.insert(AVLTree.java:48)
	at AVLTree.insert(AVLTree.java:48)
	at AVLTree.insert(AVLTree.java:48)
	at AVLTree.insert(AVLTree.java:48)
	at AVLTree.insert(AVLTree.java:48)
	at AVLTree.insert(AVLTree.java:48)
	at AVLTree.insert(AVLTree.java:48)
	at AVLTree.insert(AVLTree.java:48)
	at AVLTree.insert(AVLTree.java:48)
	at AVLTree.insert(AVLTree.java:48)
	at AVLTree.insert(AVLTree.java:48)
	at AVLTree.insert(AVLTree.java:48)
	at AVLTree.insert(AVLTree.java:48)
	at AVLTree.insert(AVLTree.java:48)
	at AVLTree.insert(AVLTree.java:48)
	at AVLTree.insert(AVLTree.java:48)
	at AVLTree.insert(AVLTree.java:48)
	at AVLTree.insert(AVLTree.java:48)
	at AVLTree.insert(AVLTree.java:48)
	at AVLTree.insert(AVLTree.java:48)
	at AVLTree.insert(AVLTree.java:48)
	at AVLTree.insert(AVLTree.java:48)
	at AVLTree.insert(AVLTree.java:48)
	at AVLTree.insert(AVLTree.java:48)
	at AVLTree.insert(AVLTree.java:48)
	at AVLTree.insert(AVLTree.java:48)
	at AVLTree.insert(AVLTree.java:48)
	at AVLTree.insert(AVLTree.java:48)
	at AVLTree.insert(AVLTree.java:48)
	at AVLTree.insert(AVLTree.java:48)
	at AVLTree.insert(AVLTree.java:48)
	at AVLTree.insert(AVLTree.java:48)
	at AVLTree.insert(AVLTree.java:48)
	at AVLTree.insert(AVLTree.java:48)
	at AVLTree.insert(AVLTree.java:48)
	at AVLTree.insert(AVLTree.java:48)
	at AVLTree.insert(AVLTree.java:48)
	at AVLTree.insert(AVLTree.java:48)
	at AVLTree.insert(AVLTree.java:48)
	at AVLTree.insert(AVLTree.java:48)
	at AVLTree.insert(AVLTree.java:48)
	at AVLTree.insert(AVLTree.java:48)
	at AVLTree.insert(AVLTree.java:48)
	at AVLTree.insert(AVLTree.java:48)
	at AVLTree.insert(AVLTree.java:48)
	at AVLTree.insert(AVLTree.java:48)
	at AVLTree.insert(AVLTree.java:48)
	at AVLTree.insert(AVLTree.java:48)
	at AVLTree.insert(AVLTree.java:48)
	at AVLTree.insert(AVLTree.java:48)
	at AVLTree.insert(AVLTree.java:48)
	at AVLTree.insert(AVLTree.java:48)
	at AVLTree.insert(AVLTree.java:48)
	at AVLTree.insert(AVLTree.java:48)
	at AVLTree.insert(AVLTree.java:48)
	at AVLTree.insert(AVLTree.java:48)
	at AVLTree.insert(AVLTree.java:48)
	at AVLTree.insert(AVLTree.java:48)
	at AVLTree.insert(AVLTree.java:48)
	at AVLTree.insert(AVLTree.java:48)
	at AVLTree.insert(AVLTree.java:48)
	at AVLTree.insert(AVLTree.java:48)
	at AVLTree.insert(AVLTree.java:48)
	at AVLTree.insert(AVLTree.java:48)
	at AVLTree.insert(AVLTree.java:48)
	at AVLTree.insert(AVLTree.java:48)
	at AVLTree.insert(AVLTree.java:48)
	at AVLTree.insert(AVLTree.java:48)
	at AVLTree.insert(AVLTree.java:48)
	at AVLTree.insert(AVLTree.java:48)
	at AVLTree.insert(AVLTree.java:48)
	at AVLTree.insert(AVLTree.java:48)
	at AVLTree.insert(AVLTree.java:48)
	at AVLTree.insert(AVLTree.java:48)
	at AVLTree.insert(AVLTree.java:48)
	at AVLTree.insert(AVLTree.java:48)
	at AVLTree.insert(AVLTree.java:48)
	at AVLTree.insert(AVLTree.java:48)
	at AVLTree.insert(AVLTree.java:48)
	at AVLTree.insert(AVLTree.java:48)
	at AVLTree.insert(AVLTree.java:48)
	at AVLTree.insert(AVLTree.java:48)
	at AVLTree.insert(AVLTree.java:48)
	at AVLTree.insert(AVLTree.java:48)
	at AVLTree.insert(AVLTree.java:48)
	at AVLTree.insert(AVLTree.java:48)
	at AVLTree.insert(AVLTree.java:48)
	at AVLTree.insert(AVLTree.java:48)
	at AVLTree.insert(AVLTree.java:48)
	at AVLTree.insert(AVLTree.java:48)
	at AVLTree.insert(AVLTree.java:48)
	at AVLTree.insert(AVLTree.java:48)
	at AVLTree.insert(AVLTree.java:48)
	at AVLTree.insert(AVLTree.java:48)
	at AVLTree.insert(AVLTree.java:48)
	at AVLTree.insert(AVLTree.java:48)
	at AVLTree.insert(AVLTree.java:48)
	at AVLTree.insert(AVLTree.java:48)
	at AVLTree.insert(AVLTree.java:48)
	at AVLTree.insert(AVLTree.java:48)
	at AVLTree.insert(AVLTree.java:48)
	at AVLTree.insert(AVLTree.java:48)
	at AVLTree.insert(AVLTree.java:48)
	at AVLTree.insert(AVLTree.java:48)
	at AVLTree.insert(AVLTree.java:48)
	at AVLTree.insert(AVLTree.java:48)
	at AVLTree.insert(AVLTree.java:48)
	at AVLTree.insert(AVLTree.java:48)
	at AVLTree.insert(AVLTree.java:48)
	at AVLTree.insert(AVLTree.java:48)
	at AVLTree.insert(AVLTree.java:48)
	at AVLTree.insert(AVLTree.java:48)
	at AVLTree.insert(AVLTree.java:48)
	at AVLTree.insert(AVLTree.java:48)
	at AVLTree.insert(AVLTree.java:48)
	at AVLTree.insert(AVLTree.java:48)
	at AVLTree.insert(AVLTree.java:48)
	at AVLTree.insert(AVLTree.java:48)
	at AVLTree.insert(AVLTree.java:48)
	at AVLTree.insert(AVLTree.java:48)
	at AVLTree.insert(AVLTree.java:48)
	at AVLTree.insert(AVLTree.java:48)
	at AVLTree.insert(AVLTree.java:48)
	at AVLTree.insert(AVLTree.java:48)
	at AVLTree.insert(AVLTree.java:48)
	at AVLTree.insert(AVLTree.java:48)
	at AVLTree.insert(AVLTree.java:48)
	at AVLTree.insert(AVLTree.java:48)
	at AVLTree.insert(AVLTree.java:48)
	at AVLTree.insert(AVLTree.java:48)
	at AVLTree.insert(AVLTree.java:48)
	at AVLTree.insert(AVLTree.java:48)
	at AVLTree.insert(AVLTree.java:48)
	at AVLTree.insert(AVLTree.java:48)
	at AVLTree.insert(AVLTree.java:48)
	at AVLTree.insert(AVLTree.java:48)
	at AVLTree.insert(AVLTree.java:48)
	at AVLTree.insert(AVLTree.java:48)
	at AVLTree.insert(AVLTree.java:48)
	at AVLTree.insert(AVLTree.java:48)
	at AVLTree.insert(AVLTree.java:48)
	at AVLTree.insert(AVLTree.java:48)
	at AVLTree.insert(AVLTree.java:48)
	at AVLTree.insert(AVLTree.java:48)
	at AVLTree.insert(AVLTree.java:48)
	at AVLTree.insert(AVLTree.java:48)
	at AVLTree.insert(AVLTree.java:48)
	at AVLTree.insert(AVLTree.java:48)
	at AVLTree.insert(AVLTree.java:48)
	at AVLTree.insert(AVLTree.java:48)
	at AVLTree.insert(AVLTree.java:48)
	at AVLTree.insert(AVLTree.java:48)
	at AVLTree.insert(AVLTree.java:48)
	at AVLTree.insert(AVLTree.java:48)
	at AVLTree.insert(AVLTree.java:48)
	at AVLTree.insert(AVLTree.java:48)
	at AVLTree.insert(AVLTree.java:48)
	at AVLTree.insert(AVLTree.java:48)
	at AVLTree.insert(AVLTree.java:48)
	at AVLTree.insert(AVLTree.java:48)
	at AVLTree.insert(AVLTree.java:48)
	at AVLTree.insert(AVLTree.java:48)
	at AVLTree.insert(AVLTree.java:48)
	at AVLTree.insert(AVLTree.java:48)
	at AVLTree.insert(AVLTree.java:48)
	at AVLTree.insert(AVLTree.java:48)
	at AVLTree.insert(AVLTree.java:48)
	at AVLTree.insert(AVLTree.java:48)
	at AVLTree.insert(AVLTree.java:48)
	at AVLTree.insert(AVLTree.java:48)
	at AVLTree.insert(AVLTree.java:48)
	at AVLTree.insert(AVLTree.java:48)
	at AVLTree.insert(AVLTree.java:48)
	at AVLTree.insert(AVLTree.java:48)
	at AVLTree.insert(AVLTree.java:48)
	at AVLTree.insert(AVLTree.java:48)
	at AVLTree.insert(AVLTree.java:48)
	at AVLTree.insert(AVLTree.java:48)
	at AVLTree.insert(AVLTree.java:48)
	at AVLTree.insert(AVLTree.java:48)
	at AVLTree.insert(AVLTree.java:48)
	at AVLTree.insert(AVLTree.java:48)
	at AVLTree.insert(AVLTree.java:48)
	at AVLTree.insert(AVLTree.java:48)
	at AVLTree.insert(AVLTree.java:48)
	at AVLTree.insert(AVLTree.java:48)
	at AVLTree.insert(AVLTree.java:48)
	at AVLTree.insert(AVLTree.java:48)
	at AVLTree.insert(AVLTree.java:48)
	at AVLTree.insert(AVLTree.java:48)
	at AVLTree.insert(AVLTree.java:48)
	at AVLTree.insert(AVLTree.java:48)
	at AVLTree.insert(AVLTree.java:48)
	at AVLTree.insert(AVLTree.java:48)
	at AVLTree.insert(AVLTree.java:48)
	at AVLTree.insert(AVLTree.java:48)
	at AVLTree.insert(AVLTree.java:48)
	at AVLTree.insert(AVLTree.java:48)
	at AVLTree.insert(AVLTree.java:48)
	at AVLTree.insert(AVLTree.java:48)
	at AVLTree.insert(AVLTree.java:48)
	at AVLTree.insert(AVLTree.java:48)
	at AVLTree.insert(AVLTree.java:48)
	at AVLTree.insert(AVLTree.java:48)
	at AVLTree.insert(AVLTree.java:48)
	at AVLTree.insert(AVLTree.java:48)
	at AVLTree.insert(AVLTree.java:48)
	at AVLTree.insert(AVLTree.java:48)
	at AVLTree.insert(AVLTree.java:48)
	at AVLTree.insert(AVLTree.java:48)
	at AVLTree.insert(AVLTree.java:48)
	at AVLTree.insert(AVLTree.java:48)
	at AVLTree.insert(AVLTree.java:48)
	at AVLTree.insert(AVLTree.java:48)
	at AVLTree.insert(AVLTree.java:48)
	at AVLTree.insert(AVLTree.java:48)
	at AVLTree.insert(AVLTree.java:48)
	at AVLTree.insert(AVLTree.java:48)
	at AVLTree.insert(AVLTree.java:48)
	at AVLTree.insert(AVLTree.java:48)
	at AVLTree.insert(AVLTree.java:48)
	at AVLTree.insert(AVLTree.java:48)
	at AVLTree.insert(AVLTree.java:48)
	at AVLTree.insert(AVLTree.java:48)
	at AVLTree.insert(AVLTree.java:48)
	at AVLTree.insert(AVLTree.java:48)
	at AVLTree.insert(AVLTree.java:48)
	at AVLTree.insert(AVLTree.java:48)
	at AVLTree.insert(AVLTree.java:48)
	at AVLTree.insert(AVLTree.java:48)
	at AVLTree.insert(AVLTree.java:48)
	at AVLTree.insert(AVLTree.java:48)
	at AVLTree.insert(AVLTree.java:48)
	at AVLTree.insert(AVLTree.java:48)
	at AVLTree.insert(AVLTree.java:48)
	at AVLTree.insert(AVLTree.java:48)
	at AVLTree.insert(AVLTree.java:48)
	at AVLTree.insert(AVLTree.java:48)
	at AVLTree.insert(AVLTree.java:48)
	at AVLTree.insert(AVLTree.java:48)
	at AVLTree.insert(AVLTree.java:48)
	at AVLTree.insert(AVLTree.java:48)
	at AVLTree.insert(AVLTree.java:48)
	at AVLTree.insert(AVLTree.java:48)
	at AVLTree.insert(AVLTree.java:48)
	at AVLTree.insert(AVLTree.java:48)
	at AVLTree.insert(AVLTree.java:48)
	at AVLTree.insert(AVLTree.java:48)
	at AVLTree.insert(AVLTree.java:48)
	at AVLTree.insert(AVLTree.java:48)
	at AVLTree.insert(AVLTree.java:48)
	at AVLTree.insert(AVLTree.java:48)
	at AVLTree.insert(AVLTree.java:48)
	at AVLTree.insert(AVLTree.java:48)
	at AVLTree.insert(AVLTree.java:48)
	at AVLTree.insert(AVLTree.java:48)
	at AVLTree.insert(AVLTree.java:48)
	at AVLTree.insert(AVLTree.java:48)
	at AVLTree.insert(AVLTree.java:48)
	at AVLTree.insert(AVLTree.java:48)
	at AVLTree.insert(AVLTree.java:48)
	at AVLTree.insert(AVLTree.java:48)
	at AVLTree.insert(AVLTree.java:48)
	at AVLTree.insert(AVLTree.java:48)
	at AVLTree.insert(AVLTree.java:48)
	at AVLTree.insert(AVLTree.java:48)
	at AVLTree.insert(AVLTree.java:48)
	at AVLTree.insert(AVLTree.java:48)
	at AVLTree.insert(AVLTree.java:48)
	at AVLTree.insert(AVLTree.java:48)
	at AVLTree.insert(AVLTree.java:48)
	at AVLTree.insert(AVLTree.java:48)
	at AVLTree.insert(AVLTree.java:48)
	at AVLTree.insert(AVLTree.java:48)
	at AVLTree.insert(AVLTree.java:48)
	at AVLTree.insert(AVLTree.java:48)
	at AVLTree.insert(AVLTree.java:48)
	at AVLTree.insert(AVLTree.java:48)
	at AVLTree.insert(AVLTree.java:48)
	at AVLTree.insert(AVLTree.java:48)
	at AVLTree.insert(AVLTree.java:48)
	at AVLTree.insert(AVLTree.java:48)
	at AVLTree.insert(AVLTree.java:48)
	at AVLTree.insert(AVLTree.java:48)
	at AVLTree.insert(AVLTree.java:48)
	at AVLTree.insert(AVLTree.java:48)
	at AVLTree.insert(AVLTree.java:48)
	at AVLTree.insert(AVLTree.java:48)
	at AVLTree.insert(AVLTree.java:48)
	at AVLTree.insert(AVLTree.java:48)
	at AVLTree.insert(AVLTree.java:48)
	at AVLTree.insert(AVLTree.java:48)
	at AVLTree.insert(AVLTree.java:48)
	at AVLTree.insert(AVLTree.java:48)
	at AVLTree.insert(AVLTree.java:48)
	at AVLTree.insert(AVLTree.java:48)
	at AVLTree.insert(AVLTree.java:48)
	at AVLTree.insert(AVLTree.java:48)
	at AVLTree.insert(AVLTree.java:48)
	at AVLTree.insert(AVLTree.java:48)
	at AVLTree.insert(AVLTree.java:48)
	at AVLTree.insert(AVLTree.java:48)
	at AVLTree.insert(AVLTree.java:48)
	at AVLTree.insert(AVLTree.java:48)
	at AVLTree.insert(AVLTree.java:48)
	at AVLTree.insert(AVLTree.java:48)
	at AVLTree.insert(AVLTree.java:48)
	at AVLTree.insert(AVLTree.java:48)
	at AVLTree.insert(AVLTree.java:48)
	at AVLTree.insert(AVLTree.java:48)
	at AVLTree.insert(AVLTree.java:48)
	at AVLTree.insert(AVLTree.java:48)
	at AVLTree.insert(AVLTree.java:48)
	at AVLTree.insert(AVLTree.java:48)
	at AVLTree.insert(AVLTree.java:48)
	at AVLTree.insert(AVLTree.java:48)
	at AVLTree.insert(AVLTree.java:48)
	at AVLTree.insert(AVLTree.java:48)
	at AVLTree.insert(AVLTree.java:48)
	at AVLTree.insert(AVLTree.java:48)
	at AVLTree.insert(AVLTree.java:48)
	at AVLTree.insert(AVLTree.java:48)
	at AVLTree.insert(AVLTree.java:48)
	at AVLTree.insert(AVLTree.java:48)
	at AVLTree.insert(AVLTree.java:48)
	at AVLTree.insert(AVLTree.java:48)
	at AVLTree.insert(AVLTree.java:48)
	at AVLTree.insert(AVLTree.java:48)
	at AVLTree.insert(AVLTree.java:48)
	at AVLTree.insert(AVLTree.java:48)
	at AVLTree.insert(AVLTree.java:48)
	at AVLTree.insert(AVLTree.java:48)
	at AVLTree.insert(AVLTree.java:48)
	at AVLTree.insert(AVLTree.java:48)
	at AVLTree.insert(AVLTree.java:48)
	at AVLTree.insert(AVLTree.java:48)
	at AVLTree.insert(AVLTree.java:48)
	at AVLTree.insert(AVLTree.java:48)
	at AVLTree.insert(AVLTree.java:48)
	at AVLTree.insert(AVLTree.java:48)
	at AVLTree.insert(AVLTree.java:48)
	at AVLTree.insert(AVLTree.java:48)
	at AVLTree.insert(AVLTree.java:48)
	at AVLTree.insert(AVLTree.java:48)
	at AVLTree.insert(AVLTree.java:48)
	at AVLTree.insert(AVLTree.java:48)
	at AVLTree.insert(AVLTree.java:48)
	at AVLTree.insert(AVLTree.java:48)
	at AVLTree.insert(AVLTree.java:48)
	at AVLTree.insert(AVLTree.java:48)
	at AVLTree.insert(AVLTree.java:48)
	at AVLTree.insert(AVLTree.java:48)
	at AVLTree.insert(AVLTree.java:48)
	at AVLTree.insert(AVLTree.java:48)
	at AVLTree.insert(AVLTree.java:48)
	at AVLTree.insert(AVLTree.java:48)
	at AVLTree.insert(AVLTree.java:48)
	at AVLTree.insert(AVLTree.java:48)
	at AVLTree.insert(AVLTree.java:48)
	at AVLTree.insert(AVLTree.java:48)
	at AVLTree.insert(AVLTree.java:48)
	at AVLTree.insert(AVLTree.java:48)
	at AVLTree.insert(AVLTree.java:48)
	at AVLTree.insert(AVLTree.java:48)
	at AVLTree.insert(AVLTree.java:48)
	at AVLTree.insert(AVLTree.java:48)
	at AVLTree.insert(AVLTree.java:48)
	at AVLTree.insert(AVLTree.java:48)
	at AVLTree.insert(AVLTree.java:48)
	at AVLTree.insert(AVLTree.java:48)
	at AVLTree.insert(AVLTree.java:48)
	at AVLTree.insert(AVLTree.java:48)
	at AVLTree.insert(AVLTree.java:48)
	at AVLTree.insert(AVLTree.java:48)
	at AVLTree.insert(AVLTree.java:48)
	at AVLTree.insert(AVLTree.java:48)
	at AVLTree.insert(AVLTree.java:48)
	at AVLTree.insert(AVLTree.java:48)
	at AVLTree.insert(AVLTree.java:48)
	at AVLTree.insert(AVLTree.java:48)
	at AVLTree.insert(AVLTree.java:48)
	at AVLTree.insert(AVLTree.java:48)
	at AVLTree.insert(AVLTree.java:48)
	at AVLTree.insert(AVLTree.java:48)
	at AVLTree.insert(AVLTree.java:48)
	at AVLTree.insert(AVLTree.java:48)
	at AVLTree.insert(AVLTree.java:48)
	at AVLTree.insert(AVLTree.java:48)
	at AVLTree.insert(AVLTree.java:48)
	at AVLTree.insert(AVLTree.java:48)
	at AVLTree.insert(AVLTree.java:48)
	at AVLTree.insert(AVLTree.java:48)
	at AVLTree.insert(AVLTree.java:48)
	at AVLTree.insert(AVLTree.java:48)
	at AVLTree.insert(AVLTree.java:48)
	at AVLTree.insert(AVLTree.java:48)
	at AVLTree.insert(AVLTree.java:48)
	at AVLTree.insert(AVLTree.java:48)
	at AVLTree.insert(AVLTree.java:48)
	at AVLTree.insert(AVLTree.java:48)
	at AVLTree.insert(AVLTree.java:48)
	at AVLTree.insert(AVLTree.java:48)
	at AVLTree.insert(AVLTree.java:48)
	at AVLTree.insert(AVLTree.java:48)
	at AVLTree.insert(AVLTree.java:48)
	at AVLTree.insert(AVLTree.java:48)
	at AVLTree.insert(AVLTree.java:48)
	at AVLTree.insert(AVLTree.java:48)
	at AVLTree.insert(AVLTree.java:48)
	at AVLTree.insert(AVLTree.java:48)
	at AVLTree.insert(AVLTree.java:48)
	at AVLTree.insert(AVLTree.java:48)
	at AVLTree.insert(AVLTree.java:48)
	at AVLTree.insert(AVLTree.java:48)
	at AVLTree.insert(AVLTree.java:48)
	at AVLTree.insert(AVLTree.java:48)
	at AVLTree.insert(AVLTree.java:48)
	at AVLTree.insert(AVLTree.java:48)
	at AVLTree.insert(AVLTree.java:48)
	at AVLTree.insert(AVLTree.java:48)
	at AVLTree.insert(AVLTree.java:48)
	at AVLTree.insert(AVLTree.java:48)
	at AVLTree.insert(AVLTree.java:48)
	at AVLTree.insert(AVLTree.java:48)
	at AVLTree.insert(AVLTree.java:48)
	at AVLTree.insert(AVLTree.java:48)
	at AVLTree.insert(AVLTree.java:48)
	at AVLTree.insert(AVLTree.java:48)
	at AVLTree.insert(AVLTree.java:48)
	at AVLTree.insert(AVLTree.java:48)
	at AVLTree.insert(AVLTree.java:48)
	at AVLTree.insert(AVLTree.java:48)
	at AVLTree.insert(AVLTree.java:48)
	at AVLTree.insert(AVLTree.java:48)
	at AVLTree.insert(AVLTree.java:48)
	at AVLTree.insert(AVLTree.java:48)
	at AVLTree.insert(AVLTree.java:48)
	at AVLTree.insert(AVLTree.java:48)
	at AVLTree.insert(AVLTree.java:48)
	at AVLTree.insert(AVLTree.java:48)
	at AVLTree.insert(AVLTree.java:48)
	at AVLTree.insert(AVLTree.java:48)
	at AVLTree.insert(AVLTree.java:48)
	at AVLTree.insert(AVLTree.java:48)
	at AVLTree.insert(AVLTree.java:48)
	at AVLTree.insert(AVLTree.java:48)
	at AVLTree.insert(AVLTree.java:48)
	at AVLTree.insert(AVLTree.java:48)
	at AVLTree.insert(AVLTree.java:48)
	at AVLTree.insert(AVLTree.java:48)
	at AVLTree.insert(AVLTree.java:48)
	at AVLTree.insert(AVLTree.java:48)
	at AVLTree.insert(AVLTree.java:48)
	at AVLTree.insert(AVLTree.java:48)
	at AVLTree.insert(AVLTree.java:48)
	at AVLTree.insert(AVLTree.java:48)
	at AVLTree.insert(AVLTree.java:48)
	at AVLTree.insert(AVLTree.java:48)
	at AVLTree.insert(AVLTree.java:48)
	at AVLTree.insert(AVLTree.java:48)
	at AVLTree.insert(AVLTree.java:48)
	at AVLTree.insert(AVLTree.java:48)
	at AVLTree.insert(AVLTree.java:48)
	at AVLTree.insert(AVLTree.java:48)
	at AVLTree.insert(AVLTree.java:48)
	at AVLTree.insert(AVLTree.java:48)
	at AVLTree.insert(AVLTree.java:48)
	at AVLTree.insert(AVLTree.java:48)
	at AVLTree.insert(AVLTree.java:48)
	at AVLTree.insert(AVLTree.java:48)
	at AVLTree.insert(AVLTree.java:48)
	at AVLTree.insert(AVLTree.java:48)
	at AVLTree.insert(AVLTree.java:48)
	at AVLTree.insert(AVLTree.java:48)
	at AVLTree.insert(AVLTree.java:48)
	at AVLTree.insert(AVLTree.java:48)
	at AVLTree.insert(AVLTree.java:48)
	at AVLTree.insert(AVLTree.java:48)
	at AVLTree.insert(AVLTree.java:48)
	at AVLTree.insert(AVLTree.java:48)
	at AVLTree.insert(AVLTree.java:48)
	at AVLTree.insert(AVLTree.java:48)
	at AVLTree.insert(AVLTree.java:48)
	at AVLTree.insert(AVLTree.java:48)
	at AVLTree.insert(AVLTree.java:48)
	at AVLTree.insert(AVLTree.java:48)
	at AVLTree.insert(AVLTree.java:48)
	at AVLTree.insert(AVLTree.java:48)
	at AVLTree.insert(AVLTree.java:48)
	at AVLTree.insert(AVLTree.java:48)
	at AVLTree.insert(AVLTree.java:48)
	at AVLTree.insert(AVLTree.java:48)
	at AVLTree.insert(AVLTree.java:48)
	at AVLTree.insert(AVLTree.java:48)
	at AVLTree.insert(AVLTree.java:48)
	at AVLTree.insert(AVLTree.java:48)
	at AVLTree.insert(AVLTree.java:48)
	at AVLTree.insert(AVLTree.java:48)
	at AVLTree.insert(AVLTree.java:48)
	at AVLTree.insert(AVLTree.java:48)
	at AVLTree.insert(AVLTree.java:48)
	at AVLTree.insert(AVLTree.java:48)
	at AVLTree.insert(AVLTree.java:48)
	at AVLTree.insert(AVLTree.java:48)
	at AVLTree.insert(AVLTree.java:48)
	at AVLTree.insert(AVLTree.java:48)
	at AVLTree.insert(AVLTree.java:48)
	at AVLTree.insert(AVLTree.java:48)
	at AVLTree.insert(AVLTree.java:48)
	at AVLTree.insert(AVLTree.java:48)
	at AVLTree.insert(AVLTree.java:48)
	at AVLTree.insert(AVLTree.java:48)
	at AVLTree.insert(AVLTree.java:48)
	at AVLTree.insert(AVLTree.java:48)
	at AVLTree.insert(AVLTree.java:48)
	at AVLTree.insert(AVLTree.java:48)
	at AVLTree.insert(AVLTree.java:48)
	at AVLTree.insert(AVLTree.java:48)
	at AVLTree.insert(AVLTree.java:48)
	at AVLTree.insert(AVLTree.java:48)
	at AVLTree.insert(AVLTree.java:48)
	at AVLTree.insert(AVLTree.java:48)
	at AVLTree.insert(AVLTree.java:48)
	at AVLTree.insert(AVLTree.java:48)
	at AVLTree.insert(AVLTree.java:48)
	at AVLTree.insert(AVLTree.java:48)
	at AVLTree.insert(AVLTree.java:48)
	at AVLTree.insert(AVLTree.java:48)
	at AVLTree.insert(AVLTree.java:48)
	at AVLTree.insert(AVLTree.java:48)
	at AVLTree.insert(AVLTree.java:48)
	at AVLTree.insert(AVLTree.java:48)
	at AVLTree.insert(AVLTree.java:48)
	at AVLTree.insert(AVLTree.java:48)
	at AVLTree.insert(AVLTree.java:48)
	at AVLTree.insert(AVLTree.java:48)
	at AVLTree.insert(AVLTree.java:48)
	at AVLTree.insert(AVLTree.java:48)
	at AVLTree.insert(AVLTree.java:48)
	at AVLTree.insert(AVLTree.java:48)
	at AVLTree.insert(AVLTree.java:48)
	at AVLTree.insert(AVLTree.java:48)
	at AVLTree.insert(AVLTree.java:48)
	at AVLTree.insert(AVLTree.java:48)
	at AVLTree.insert(AVLTree.java:48)
	at AVLTree.insert(AVLTree.java:48)
	at AVLTree.insert(AVLTree.java:48)
	at AVLTree.insert(AVLTree.java:48)
	at AVLTree.insert(AVLTree.java:48)
	at AVLTree.insert(AVLTree.java:48)
	at AVLTree.insert(AVLTree.java:48)
	at AVLTree.insert(AVLTree.java:48)
	at AVLTree.insert(AVLTree.java:48)
	at AVLTree.insert(AVLTree.java:48)
	at AVLTree.insert(AVLTree.java:48)
	at AVLTree.insert(AVLTree.java:48)
	at AVLTree.insert(AVLTree.java:48)
	at AVLTree.insert(AVLTree.java:48)
	at AVLTree.insert(AVLTree.java:48)
	at AVLTree.insert(AVLTree.java:48)
	at AVLTree.insert(AVLTree.java:48)
	at AVLTree.insert(AVLTree.java:48)
	at AVLTree.insert(AVLTree.java:48)
	at AVLTree.insert(AVLTree.java:48)
	at AVLTree.insert(AVLTree.java:48)
	at AVLTree.insert(AVLTree.java:48)
	at AVLTree.insert(AVLTree.java:48)
	at AVLTree.insert(AVLTree.java:48)
	at AVLTree.insert(AVLTree.java:48)
	at AVLTree.insert(AVLTree.java:48)
	at AVLTree.insert(AVLTree.java:48)
	at AVLTree.insert(AVLTree.java:48)
	at AVLTree.insert(AVLTree.java:48)
	at AVLTree.insert(AVLTree.java:48)
	at AVLTree.insert(AVLTree.java:48)
	at AVLTree.insert(AVLTree.java:48)
	at AVLTree.insert(AVLTree.java:48)
	at AVLTree.insert(AVLTree.java:48)
	at AVLTree.insert(AVLTree.java:48)
	at AVLTree.insert(AVLTree.java:48)
	at AVLTree.insert(AVLTree.java:48)
	at AVLTree.insert(AVLTree.java:48)
	at AVLTree.insert(AVLTree.java:48)
	at AVLTree.insert(AVLTree.java:48)
	at AVLTree.insert(AVLTree.java:48)
	at AVLTree.insert(AVLTree.java:48)
	at AVLTree.insert(AVLTree.java:48)
	at AVLTree.insert(AVLTree.java:48)
	at AVLTree.insert(AVLTree.java:48)
	at AVLTree.insert(AVLTree.java:48)
	at AVLTree.insert(AVLTree.java:48)
	at AVLTree.insert(AVLTree.java:48)
	at AVLTree.insert(AVLTree.java:48)
	at AVLTree.insert(AVLTree.java:48)
	at AVLTree.insert(AVLTree.java:48)
	at AVLTree.insert(AVLTree.java:48)
	at AVLTree.insert(AVLTree.java:48)
	at AVLTree.insert(AVLTree.java:48)
	at AVLTree.insert(AVLTree.java:48)
	at AVLTree.insert(AVLTree.java:48)
	at AVLTree.insert(AVLTree.java:48)
	at AVLTree.insert(AVLTree.java:48)
	at AVLTree.insert(AVLTree.java:48)
	at AVLTree.insert(AVLTree.java:48)
	at AVLTree.insert(AVLTree.java:48)
	at AVLTree.insert(AVLTree.java:48)
	at AVLTree.insert(AVLTree.java:48)
	at AVLTree.insert(AVLTree.java:48)
	at AVLTree.insert(AVLTree.java:48)
	at AVLTree.insert(AVLTree.java:48)
	at AVLTree.insert(AVLTree.java:48)
	at AVLTree.insert(AVLTree.java:48)
	at AVLTree.insert(AVLTree.java:48)
	at AVLTree.insert(AVLTree.java:48)
	at AVLTree.insert(AVLTree.java:48)
	at AVLTree.insert(AVLTree.java:48)
	at AVLTree.insert(AVLTree.java:48)
	at AVLTree.insert(AVLTree.java:48)
	at AVLTree.insert(AVLTree.java:48)
	at AVLTree.insert(AVLTree.java:48)
	at AVLTree.insert(AVLTree.java:48)
	at AVLTree.insert(AVLTree.java:48)
	at AVLTree.insert(AVLTree.java:48)
	at AVLTree.insert(AVLTree.java:48)
	at AVLTree.insert(AVLTree.java:48)
	at AVLTree.insert(AVLTree.java:48)
	at AVLTree.insert(AVLTree.java:48)
	at AVLTree.insert(AVLTree.java:48)
	at AVLTree.insert(AVLTree.java:48)
	at AVLTree.insert(AVLTree.java:48)
	at AVLTree.insert(AVLTree.java:48)
	at AVLTree.insert(AVLTree.java:48)
	at AVLTree.insert(AVLTree.java:48)
	at AVLTree.insert(AVLTree.java:48)
	at AVLTree.insert(AVLTree.java:48)
	at AVLTree.insert(AVLTree.java:48)
	at AVLTree.insert(AVLTree.java:48)
	at AVLTree.insert(AVLTree.java:48)
	at AVLTree.insert(AVLTree.java:48)
	at AVLTree.insert(AVLTree.java:48)
	at AVLTree.insert(AVLTree.java:48)
	at AVLTree.insert(AVLTree.java:48)
	at AVLTree.insert(AVLTree.java:48)
	at AVLTree.insert(AVLTree.java:48)
	at AVLTree.insert(AVLTree.java:48)
	at AVLTree.insert(AVLTree.java:48)
	at AVLTree.insert(AVLTree.java:48)
	at AVLTree.insert(AVLTree.java:48)
	at AVLTree.insert(AVLTree.java:48)
	at AVLTree.insert(AVLTree.java:48)
	at AVLTree.insert(AVLTree.java:48)
	at AVLTree.insert(AVLTree.java:48)
	at AVLTree.insert(AVLTree.java:48)
	at AVLTree.insert(AVLTree.java:48)
	at AVLTree.insert(AVLTree.java:48)
	at AVLTree.insert(AVLTree.java:48)
	at AVLTree.insert(AVLTree.java:48)
	at AVLTree.insert(AVLTree.java:48)
	at AVLTree.insert(AVLTree.java:48)
	at AVLTree.insert(AVLTree.java:48)
	at AVLTree.insert(AVLTree.java:48)
	at AVLTree.insert(AVLTree.java:48)
	at AVLTree.insert(AVLTree.java:48)
	at AVLTree.insert(AVLTree.java:48)
	at AVLTree.insert(AVLTree.java:48)
	at AVLTree.insert(AVLTree.java:48)
	at AVLTree.insert(AVLTree.java:48)
	at AVLTree.insert(AVLTree.java:48)
	at AVLTree.insert(AVLTree.java:48)
	at AVLTree.insert(AVLTree.java:48)
	at AVLTree.insert(AVLTree.java:48)
	at AVLTree.insert(AVLTree.java:48)
	at AVLTree.insert(AVLTree.java:48)
	at AVLTree.insert(AVLTree.java:48)
	at AVLTree.insert(AVLTree.java:48)
	at AVLTree.insert(AVLTree.java:48)
	at AVLTree.insert(AVLTree.java:48)
	at AVLTree.insert(AVLTree.java:48)
	at AVLTree.insert(AVLTree.java:48)
	at AVLTree.insert(AVLTree.java:48)
	at AVLTree.insert(AVLTree.java:48)
	at AVLTree.insert(AVLTree.java:48)
	at AVLTree.insert(AVLTree.java:48)
	at AVLTree.insert(AVLTree.java:48)
	at AVLTree.insert(AVLTree.java:48)
	at AVLTree.insert(AVLTree.java:48)
	at AVLTree.insert(AVLTree.java:48)
	at AVLTree.insert(AVLTree.java:48)
	at AVLTree.insert(AVLTree.java:48)
	at AVLTree.insert(AVLTree.java:48)
	at AVLTree.insert(AVLTree.java:48)
	at AVLTree.insert(AVLTree.java:48)
	at AVLTree.insert(AVLTree.java:48)
	at AVLTree.insert(AVLTree.java:48)
	at AVLTree.insert(AVLTree.java:48)
	at AVLTree.insert(AVLTree.java:48)
	at AVLTree.insert(AVLTree.java:48)
	at AVLTree.insert(AVLTree.java:48)
	at AVLTree.insert(AVLTree.java:48)
	at AVLTree.insert(AVLTree.java:48)
	at AVLTree.insert(AVLTree.java:48)
	at AVLTree.insert(AVLTree.java:48)
	at AVLTree.insert(AVLTree.java:48)
	at AVLTree.insert(AVLTree.java:48)
	at AVLTree.insert(AVLTree.java:48)
	at AVLTree.insert(AVLTree.java:48)
	at AVLTree.insert(AVLTree.java:48)
	at AVLTree.insert(AVLTree.java:48)
	at AVLTree.insert(AVLTree.java:48)
	at AVLTree.insert(AVLTree.java:48)
	at AVLTree.insert(AVLTree.java:48)
	at AVLTree.insert(AVLTree.java:48)
	at AVLTree.insert(AVLTree.java:48)
	at AVLTree.insert(AVLTree.java:48)
	at AVLTree.insert(AVLTree.java:48)
	at AVLTree.insert(AVLTree.java:48)
	at AVLTree.insert(AVLTree.java:48)
	at AVLTree.insert(AVLTree.java:48)
	at AVLTree.insert(AVLTree.java:48)
	at AVLTree.insert(AVLTree.java:48)
	at AVLTree.insert(AVLTree.java:48)
	at AVLTree.insert(AVLTree.java:48)
	at AVLTree.insert(AVLTree.java:48)
	at AVLTree.insert(AVLTree.java:48)
	at AVLTree.insert(AVLTree.java:48)
	at AVLTree.insert(AVLTree.java:48)
	at AVLTree.insert(AVLTree.java:48)
	at AVLTree.insert(AVLTree.java:48)
	at AVLTree.insert(AVLTree.java:48)
	at AVLTree.insert(AVLTree.java:48)
	at AVLTree.insert(AVLTree.java:48)
	at AVLTree.insert(AVLTree.java:48)
	at AVLTree.insert(AVLTree.java:48)
	at AVLTree.insert(AVLTree.java:48)
	at AVLTree.insert(AVLTree.java:48)
	at AVLTree.insert(AVLTree.java:48)
	at AVLTree.insert(AVLTree.java:48)
	at AVLTree.insert(AVLTree.java:48)
	at AVLTree.insert(AVLTree.java:48)
	at AVLTree.insert(AVLTree.java:48)
	at AVLTree.insert(AVLTree.java:48)
	at AVLTree.insert(AVLTree.java:48)
	at AVLTree.insert(AVLTree.java:48)
	at AVLTree.insert(AVLTree.java:48)
	at AVLTree.insert(AVLTree.java:48)
	at AVLTree.insert(AVLTree.java:48)
	at AVLTree.insert(AVLTree.java:48)
	at AVLTree.insert(AVLTree.java:48)
	at AVLTree.insert(AVLTree.java:48)
	at AVLTree.insert(AVLTree.java:48)
	at AVLTree.insert(AVLTree.java:48)
	at AVLTree.insert(AVLTree.java:48)
	at AVLTree.insert(AVLTree.java:48)
	at AVLTree.insert(AVLTree.java:48)
	at AVLTree.insert(AVLTree.java:48)
	at AVLTree.insert(AVLTree.java:48)
	at AVLTree.insert(AVLTree.java:48)
	at AVLTree.insert(AVLTree.java:48)
	at AVLTree.insert(AVLTree.java:48)
	at AVLTree.insert(AVLTree.java:48)
	at AVLTree.insert(AVLTree.java:48)
	at AVLTree.insert(AVLTree.java:48)
	at AVLTree.insert(AVLTree.java:48)
	at AVLTree.insert(AVLTree.java:48)
	at AVLTree.insert(AVLTree.java:48)
	at AVLTree.insert(AVLTree.java:48)
	at AVLTree.insert(AVLTree.java:48)
	at AVLTree.insert(AVLTree.java:48)
	at AVLTree.insert(AVLTree.java:48)
	at AVLTree.insert(AVLTree.java:48)
	at AVLTree.insert(AVLTree.java:48)
	at AVLTree.insert(AVLTree.java:48)
	at AVLTree.insert(AVLTree.java:48)
	at AVLTree.insert(AVLTree.java:48)
	at AVLTree.insert(AVLTree.java:48)
	at AVLTree.insert(AVLTree.java:48)
	at AVLTree.insert(AVLTree.java:48)
	at AVLTree.insert(AVLTree.java:48)
	at AVLTree.insert(AVLTree.java:48)
	at AVLTree.insert(AVLTree.java:48)
	at AVLTree.insert(AVLTree.java:48)
	at AVLTree.insert(AVLTree.java:48)
	at AVLTree.insert(AVLTree.java:48)
	at AVLTree.insert(AVLTree.java:48)
	at AVLTree.insert(AVLTree.java:48)
	at AVLTree.insert(AVLTree.java:48)
	at AVLTree.insert(AVLTree.java:48)
	at AVLTree.insert(AVLTree.java:48)
	at AVLTree.insert(AVLTree.java:48)
	at AVLTree.insert(AVLTree.java:48)
	at AVLTree.insert(AVLTree.java:48)
	at AVLTree.insert(AVLTree.java:48)
	at AVLTree.insert(AVLTree.java:48)
	at AVLTree.insert(AVLTree.java:48)
	at AVLTree.insert(AVLTree.java:48)
	at AVLTree.insert(AVLTree.java:48)
	at AVLTree.insert(AVLTree.java:48)
	at AVLTree.insert(AVLTree.java:48)
	at AVLTree.insert(AVLTree.java:48)
	at AVLTree.insert(AVLTree.java:48)
	at AVLTree.insert(AVLTree.java:48)
	at AVLTree.insert(AVLTree.java:48)
	at AVLTree.insert(AVLTree.java:48)
	at AVLTree.insert(AVLTree.java:48)
	at AVLTree.insert(AVLTree.java:48)
	at AVLTree.insert(AVLTree.java:48)
	at AVLTree.insert(AVLTree.java:48)
	at AVLTree.insert(AVLTree.java:48)
	at AVLTree.insert(AVLTree.java:48)
	at AVLTree.insert(AVLTree.java:48)
	at AVLTree.insert(AVLTree.java:48)
	at AVLTree.insert(AVLTree.java:48)
	at AVLTree.insert(AVLTree.java:48)
	at AVLTree.insert(AVLTree.java:48)
	at AVLTree.insert(AVLTree.java:48)
	at AVLTree.insert(AVLTree.java:48)
	at AVLTree.insert(AVLTree.java:48)
	at AVLTree.insert(AVLTree.java:48)
	at AVLTree.insert(AVLTree.java:48)
	at AVLTree.insert(AVLTree.java:48)
	at AVLTree.insert(AVLTree.java:48)
	at AVLTree.insert(AVLTree.java:48)
	at AVLTree.insert(AVLTree.java:48)
	at AVLTree.insert(AVLTree.java:48)
	at AVLTree.insert(AVLTree.java:48)
	at AVLTree.insert(AVLTree.java:48)
	at AVLTree.insert(AVLTree.java:48)
	at AVLTree.insert(AVLTree.java:48)
	at AVLTree.insert(AVLTree.java:48)
	at AVLTree.insert(AVLTree.java:48)
	at AVLTree.insert(AVLTree.java:48)
	at AVLTree.insert(AVLTree.java:48)
	at AVLTree.insert(AVLTree.java:48)
	at AVLTree.insert(AVLTree.java:48)
	at AVLTree.insert(AVLTree.java:48)
	at AVLTree.insert(AVLTree.java:48)
	at AVLTree.insert(AVLTree.java:48)
	at AVLTree.insert(AVLTree.java:48)
	at AVLTree.insert(AVLTree.java:48)
	at AVLTree.insert(AVLTree.java:48)
	at AVLTree.insert(AVLTree.java:48)
	at AVLTree.insert(AVLTree.java:48)
	at AVLTree.insert(AVLTree.java:48)
	at AVLTree.insert(AVLTree.java:48)
	at AVLTree.insert(AVLTree.java:48)
	at AVLTree.insert(AVLTree.java:48)
	at AVLTree.insert(AVLTree.java:48)
	at AVLTree.insert(AVLTree.java:48)
	at AVLTree.insert(AVLTree.java:48)
	at AVLTree.insert(AVLTree.java:48)
	at AVLTree.insert(AVLTree.java:48)
	at AVLTree.insert(AVLTree.java:48)
	at AVLTree.insert(AVLTree.java:48)
	at AVLTree.insert(AVLTree.java:48)
	at AVLTree.insert(AVLTree.java:48)
	at AVLTree.insert(AVLTree.java:48)
	at AVLTree.insert(AVLTree.java:48)
	at AVLTree.insert(AVLTree.java:48)
	at AVLTree.insert(AVLTree.java:48)
	at AVLTree.insert(AVLTree.java:48)
	at AVLTree.insert(AVLTree.java:48)
	at AVLTree.insert(AVLTree.java:48)
	at AVLTree.insert(AVLTree.java:48)
	at AVLTree.insert(AVLTree.java:48)
	at AVLTree.insert(AVLTree.java:48)
	at AVLTree.insert(AVLTree.java:48)
	at AVLTree.insert(AVLTree.java:48)
	at AVLTree.insert(AVLTree.java:48)
	at AVLTree.insert(AVLTree.java:48)
	at AVLTree.insert(AVLTree.java:48)
	at AVLTree.insert(AVLTree.java:48)
	at AVLTree.insert(AVLTree.java:48)
	at AVLTree.insert(AVLTree.java:48)
	at AVLTree.insert(AVLTree.java:48)
	at AVLTree.insert(AVLTree.java:48)
	at AVLTree.insert(AVLTree.java:48)
	at AVLTree.insert(AVLTree.java:48)
	at AVLTree.insert(AVLTree.java:48)
	at AVLTree.insert(AVLTree.java:48)
	at AVLTree.insert(AVLTree.java:48)
	at AVLTree.insert(AVLTree.java:48)
	at AVLTree.insert(AVLTree.java:48)
	at AVLTree.insert(AVLTree.java:48)
	at AVLTree.insert(AVLTree.java:48)
	at AVLTree.insert(AVLTree.java:48)
	at AVLTree.insert(AVLTree.java:48)
	at AVLTree.insert(AVLTree.java:48)
	at AVLTree.insert(AVLTree.java:48)
	at AVLTree.insert(AVLTree.java:48)
	at AVLTree.insert(AVLTree.java:48)
	at AVLTree.insert(AVLTree.java:48)
	at AVLTree.insert(AVLTree.java:48)
	at AVLTree.insert(AVLTree.java:48)
	at AVLTree.insert(AVLTree.java:48)
	at AVLTree.insert(AVLTree.java:48)
	at AVLTree.insert(AVLTree.java:48)
	at AVLTree.insert(AVLTree.java:48)
	at AVLTree.insert(AVLTree.java:48)
	at AVLTree.insert(AVLTree.java:48)
	at AVLTree.insert(AVLTree.java:48)

